<?xml version="1.0" encoding="UTF-8"?>
<testrun name="edu.illinois.keshmesh.detector.tests.lck06j" project="edu.illinois.keshmesh.detector.tests" tests="64" started="64" failures="12" errors="0" ignored="0">
  <testsuite name="edu.illinois.keshmesh.detector.tests.lck06j.LCK06JTests.LCK06JTest09" time="23.519">
    <testcase name="testStaticFields" classname="edu.illinois.keshmesh.detector.tests.lck06j.LCK06JTests.LCK06JTest09" time="17.765"/>
    <testcase name="shouldFindAllBugInstances" classname="edu.illinois.keshmesh.detector.tests.lck06j.LCK06JTests.LCK06JTest09" time="2.436"/>
    <testcase name="bugInstancesShouldExist" classname="edu.illinois.keshmesh.detector.tests.lck06j.LCK06JTests.LCK06JTest09" time="1.969"/>
    <testcase name="tryFixExpectedBugInstances" classname="edu.illinois.keshmesh.detector.tests.lck06j.LCK06JTests.LCK06JTest09" time="1.349"/>
  </testsuite>
  <testsuite name="edu.illinois.keshmesh.detector.tests.lck06j.LCK06JTests.LCK06JTest01" time="12.892">
    <testcase name="testStaticFields" classname="edu.illinois.keshmesh.detector.tests.lck06j.LCK06JTests.LCK06JTest01" time="1.181"/>
    <testcase name="shouldFindAllBugInstances" classname="edu.illinois.keshmesh.detector.tests.lck06j.LCK06JTests.LCK06JTest01" time="1.061"/>
    <testcase name="bugInstancesShouldExist" classname="edu.illinois.keshmesh.detector.tests.lck06j.LCK06JTests.LCK06JTest01" time="1.688"/>
    <testcase name="tryFixExpectedBugInstances" classname="edu.illinois.keshmesh.detector.tests.lck06j.LCK06JTests.LCK06JTest01" time="8.962"/>
  </testsuite>
  <testsuite name="edu.illinois.keshmesh.detector.tests.lck06j.LCK06JTests.LCK06JTest03" time="9.481">
    <testcase name="testStaticFields" classname="edu.illinois.keshmesh.detector.tests.lck06j.LCK06JTests.LCK06JTest03" time="1.604"/>
    <testcase name="shouldFindAllBugInstances" classname="edu.illinois.keshmesh.detector.tests.lck06j.LCK06JTests.LCK06JTest03" time="1.396"/>
    <testcase name="bugInstancesShouldExist" classname="edu.illinois.keshmesh.detector.tests.lck06j.LCK06JTests.LCK06JTest03" time="1.267"/>
    <testcase name="tryFixExpectedBugInstances" classname="edu.illinois.keshmesh.detector.tests.lck06j.LCK06JTests.LCK06JTest03" time="5.214"/>
  </testsuite>
  <testsuite name="edu.illinois.keshmesh.detector.tests.lck06j.LCK06JTests.LCK06JTest07" time="25.858">
    <testcase name="testStaticFields" classname="edu.illinois.keshmesh.detector.tests.lck06j.LCK06JTests.LCK06JTest07" time="12.307"/>
    <testcase name="shouldFindAllBugInstances" classname="edu.illinois.keshmesh.detector.tests.lck06j.LCK06JTests.LCK06JTest07" time="5.753"/>
    <testcase name="bugInstancesShouldExist" classname="edu.illinois.keshmesh.detector.tests.lck06j.LCK06JTests.LCK06JTest07" time="4.462"/>
    <testcase name="tryFixExpectedBugInstances" classname="edu.illinois.keshmesh.detector.tests.lck06j.LCK06JTests.LCK06JTest07" time="3.336"/>
  </testsuite>
  <testsuite name="edu.illinois.keshmesh.detector.tests.lck06j.LCK06JTests.LCK06JTest11" time="7.868">
    <testcase name="testStaticFields" classname="edu.illinois.keshmesh.detector.tests.lck06j.LCK06JTests.LCK06JTest11" time="1.729"/>
    <testcase name="shouldFindAllBugInstances" classname="edu.illinois.keshmesh.detector.tests.lck06j.LCK06JTests.LCK06JTest11" time="1.915"/>
    <testcase name="bugInstancesShouldExist" classname="edu.illinois.keshmesh.detector.tests.lck06j.LCK06JTests.LCK06JTest11" time="1.163">
      <failure>java.lang.AssertionError: 
Expected: a collection containing &lt;LCK06J. Do not use an instance lock to protect shared static data @ /home/mohsen/eclipse-workspaces/junit-workspace/TestProjectLCK06J-11-1319174976293/src/p/A.java / null @ [25--27(0, 0)] : LCK06JFixInformation [unsafeStaticFieldNames=[staticField]]&gt;
     got: &lt;[LCK06J. Do not use an instance lock to protect shared static data @ /home/mohsen/eclipse-workspaces/junit-workspace/TestProjectLCK06J-11-1319174976293/src/p/A.java / p.A @ [25--25(0, 0)] : LCK06JFixInformation [unsafeStaticFieldNames=[p.A.staticField]]]&gt;

	at org.junit.Assert.assertThat(Assert.java:778)
	at org.junit.Assert.assertThat(Assert.java:736)
	at edu.illinois.keshmesh.detector.tests.AbstractTestCase.bugInstanceShouldExist(AbstractTestCase.java:153)
	at edu.illinois.keshmesh.detector.tests.AbstractTestCase.bugInstancesShouldExist(AbstractTestCase.java:108)
	at sun.reflect.NativeMethodAccessorImpl.invoke0(Native Method)
	at sun.reflect.NativeMethodAccessorImpl.invoke(NativeMethodAccessorImpl.java:39)
	at sun.reflect.DelegatingMethodAccessorImpl.invoke(DelegatingMethodAccessorImpl.java:25)
	at java.lang.reflect.Method.invoke(Method.java:597)
	at org.junit.runners.model.FrameworkMethod$1.runReflectiveCall(FrameworkMethod.java:44)
	at org.junit.internal.runners.model.ReflectiveCallable.run(ReflectiveCallable.java:15)
	at org.junit.runners.model.FrameworkMethod.invokeExplosively(FrameworkMethod.java:41)
	at org.junit.internal.runners.statements.InvokeMethod.evaluate(InvokeMethod.java:20)
	at org.junit.internal.runners.statements.RunBefores.evaluate(RunBefores.java:28)
	at org.junit.runners.BlockJUnit4ClassRunner.runChild(BlockJUnit4ClassRunner.java:76)
	at org.junit.runners.BlockJUnit4ClassRunner.runChild(BlockJUnit4ClassRunner.java:50)
	at org.junit.runners.ParentRunner$3.run(ParentRunner.java:193)
	at org.junit.runners.ParentRunner$1.schedule(ParentRunner.java:52)
	at org.junit.runners.ParentRunner.runChildren(ParentRunner.java:191)
	at org.junit.runners.ParentRunner.access$000(ParentRunner.java:42)
	at org.junit.runners.ParentRunner$2.evaluate(ParentRunner.java:184)
	at org.junit.runners.ParentRunner.run(ParentRunner.java:236)
	at org.eclipse.jdt.internal.junit4.runner.JUnit4TestReference.run(JUnit4TestReference.java:49)
	at org.eclipse.jdt.internal.junit.runner.TestExecution.run(TestExecution.java:38)
	at org.eclipse.jdt.internal.junit.runner.RemoteTestRunner.runTests(RemoteTestRunner.java:467)
	at org.eclipse.jdt.internal.junit.runner.RemoteTestRunner.runTests(RemoteTestRunner.java:683)
	at org.eclipse.jdt.internal.junit.runner.RemoteTestRunner.run(RemoteTestRunner.java:390)
	at org.eclipse.pde.internal.junit.runtime.RemotePluginTestRunner.main(RemotePluginTestRunner.java:62)
	at org.eclipse.pde.internal.junit.runtime.UITestApplication$1.run(UITestApplication.java:116)
	at org.eclipse.swt.widgets.RunnableLock.run(RunnableLock.java:35)
	at org.eclipse.swt.widgets.Synchronizer.runAsyncMessages(Synchronizer.java:134)
	at org.eclipse.swt.widgets.Display.runAsyncMessages(Display.java:3527)
	at org.eclipse.swt.widgets.Display.readAndDispatch(Display.java:3174)
	at org.eclipse.ui.internal.Workbench.runEventLoop(Workbench.java:2629)
	at org.eclipse.ui.internal.Workbench.runUI(Workbench.java:2593)
	at org.eclipse.ui.internal.Workbench.access$4(Workbench.java:2427)
	at org.eclipse.ui.internal.Workbench$7.run(Workbench.java:670)
	at org.eclipse.core.databinding.observable.Realm.runWithDefault(Realm.java:332)
	at org.eclipse.ui.internal.Workbench.createAndRunWorkbench(Workbench.java:663)
	at org.eclipse.ui.PlatformUI.createAndRunWorkbench(PlatformUI.java:149)
	at org.eclipse.ui.internal.ide.application.IDEApplication.start(IDEApplication.java:115)
	at org.eclipse.pde.internal.junit.runtime.UITestApplication.start(UITestApplication.java:47)
	at org.eclipse.equinox.internal.app.EclipseAppHandle.run(EclipseAppHandle.java:196)
	at org.eclipse.core.runtime.internal.adaptor.EclipseAppLauncher.runApplication(EclipseAppLauncher.java:110)
	at org.eclipse.core.runtime.internal.adaptor.EclipseAppLauncher.start(EclipseAppLauncher.java:79)
	at org.eclipse.core.runtime.adaptor.EclipseStarter.run(EclipseStarter.java:369)
	at org.eclipse.core.runtime.adaptor.EclipseStarter.run(EclipseStarter.java:179)
	at sun.reflect.NativeMethodAccessorImpl.invoke0(Native Method)
	at sun.reflect.NativeMethodAccessorImpl.invoke(NativeMethodAccessorImpl.java:39)
	at sun.reflect.DelegatingMethodAccessorImpl.invoke(DelegatingMethodAccessorImpl.java:25)
	at java.lang.reflect.Method.invoke(Method.java:597)
	at org.eclipse.equinox.launcher.Main.invokeFramework(Main.java:619)
	at org.eclipse.equinox.launcher.Main.basicRun(Main.java:574)
	at org.eclipse.equinox.launcher.Main.run(Main.java:1407)
	at org.eclipse.equinox.launcher.Main.main(Main.java:1383)

</failure>
    </testcase>
    <testcase name="tryFixExpectedBugInstances" classname="edu.illinois.keshmesh.detector.tests.lck06j.LCK06JTests.LCK06JTest11" time="3.06">
      <failure>java.lang.AssertionError: Could not find bug instance.
	at org.junit.Assert.fail(Assert.java:91)
	at org.junit.Assert.assertTrue(Assert.java:43)
	at org.junit.Assert.assertNotNull(Assert.java:524)
	at edu.illinois.keshmesh.detector.tests.AbstractTestCase.tryFix(AbstractTestCase.java:224)
	at edu.illinois.keshmesh.detector.tests.AbstractTestCase.tryFix(AbstractTestCase.java:241)
	at edu.illinois.keshmesh.detector.tests.AbstractTestCase.tryFixExpectedBugInstances(AbstractTestCase.java:263)
	at sun.reflect.NativeMethodAccessorImpl.invoke0(Native Method)
	at sun.reflect.NativeMethodAccessorImpl.invoke(NativeMethodAccessorImpl.java:39)
	at sun.reflect.DelegatingMethodAccessorImpl.invoke(DelegatingMethodAccessorImpl.java:25)
	at java.lang.reflect.Method.invoke(Method.java:597)
	at org.junit.runners.model.FrameworkMethod$1.runReflectiveCall(FrameworkMethod.java:44)
	at org.junit.internal.runners.model.ReflectiveCallable.run(ReflectiveCallable.java:15)
	at org.junit.runners.model.FrameworkMethod.invokeExplosively(FrameworkMethod.java:41)
	at org.junit.internal.runners.statements.InvokeMethod.evaluate(InvokeMethod.java:20)
	at org.junit.internal.runners.statements.RunBefores.evaluate(RunBefores.java:28)
	at org.junit.runners.BlockJUnit4ClassRunner.runChild(BlockJUnit4ClassRunner.java:76)
	at org.junit.runners.BlockJUnit4ClassRunner.runChild(BlockJUnit4ClassRunner.java:50)
	at org.junit.runners.ParentRunner$3.run(ParentRunner.java:193)
	at org.junit.runners.ParentRunner$1.schedule(ParentRunner.java:52)
	at org.junit.runners.ParentRunner.runChildren(ParentRunner.java:191)
	at org.junit.runners.ParentRunner.access$000(ParentRunner.java:42)
	at org.junit.runners.ParentRunner$2.evaluate(ParentRunner.java:184)
	at org.junit.runners.ParentRunner.run(ParentRunner.java:236)
	at org.eclipse.jdt.internal.junit4.runner.JUnit4TestReference.run(JUnit4TestReference.java:49)
	at org.eclipse.jdt.internal.junit.runner.TestExecution.run(TestExecution.java:38)
	at org.eclipse.jdt.internal.junit.runner.RemoteTestRunner.runTests(RemoteTestRunner.java:467)
	at org.eclipse.jdt.internal.junit.runner.RemoteTestRunner.runTests(RemoteTestRunner.java:683)
	at org.eclipse.jdt.internal.junit.runner.RemoteTestRunner.run(RemoteTestRunner.java:390)
	at org.eclipse.pde.internal.junit.runtime.RemotePluginTestRunner.main(RemotePluginTestRunner.java:62)
	at org.eclipse.pde.internal.junit.runtime.UITestApplication$1.run(UITestApplication.java:116)
	at org.eclipse.swt.widgets.RunnableLock.run(RunnableLock.java:35)
	at org.eclipse.swt.widgets.Synchronizer.runAsyncMessages(Synchronizer.java:134)
	at org.eclipse.swt.widgets.Display.runAsyncMessages(Display.java:3527)
	at org.eclipse.swt.widgets.Display.readAndDispatch(Display.java:3174)
	at org.eclipse.ui.internal.Workbench.runEventLoop(Workbench.java:2629)
	at org.eclipse.ui.internal.Workbench.runUI(Workbench.java:2593)
	at org.eclipse.ui.internal.Workbench.access$4(Workbench.java:2427)
	at org.eclipse.ui.internal.Workbench$7.run(Workbench.java:670)
	at org.eclipse.core.databinding.observable.Realm.runWithDefault(Realm.java:332)
	at org.eclipse.ui.internal.Workbench.createAndRunWorkbench(Workbench.java:663)
	at org.eclipse.ui.PlatformUI.createAndRunWorkbench(PlatformUI.java:149)
	at org.eclipse.ui.internal.ide.application.IDEApplication.start(IDEApplication.java:115)
	at org.eclipse.pde.internal.junit.runtime.UITestApplication.start(UITestApplication.java:47)
	at org.eclipse.equinox.internal.app.EclipseAppHandle.run(EclipseAppHandle.java:196)
	at org.eclipse.core.runtime.internal.adaptor.EclipseAppLauncher.runApplication(EclipseAppLauncher.java:110)
	at org.eclipse.core.runtime.internal.adaptor.EclipseAppLauncher.start(EclipseAppLauncher.java:79)
	at org.eclipse.core.runtime.adaptor.EclipseStarter.run(EclipseStarter.java:369)
	at org.eclipse.core.runtime.adaptor.EclipseStarter.run(EclipseStarter.java:179)
	at sun.reflect.NativeMethodAccessorImpl.invoke0(Native Method)
	at sun.reflect.NativeMethodAccessorImpl.invoke(NativeMethodAccessorImpl.java:39)
	at sun.reflect.DelegatingMethodAccessorImpl.invoke(DelegatingMethodAccessorImpl.java:25)
	at java.lang.reflect.Method.invoke(Method.java:597)
	at org.eclipse.equinox.launcher.Main.invokeFramework(Main.java:619)
	at org.eclipse.equinox.launcher.Main.basicRun(Main.java:574)
	at org.eclipse.equinox.launcher.Main.run(Main.java:1407)
	at org.eclipse.equinox.launcher.Main.main(Main.java:1383)

</failure>
    </testcase>
  </testsuite>
  <testsuite name="edu.illinois.keshmesh.detector.tests.lck06j.LCK06JTests.LCK06JTest12" time="9.332">
    <testcase name="testStaticFields" classname="edu.illinois.keshmesh.detector.tests.lck06j.LCK06JTests.LCK06JTest12" time="1.461"/>
    <testcase name="shouldFindAllBugInstances" classname="edu.illinois.keshmesh.detector.tests.lck06j.LCK06JTests.LCK06JTest12" time="2.432"/>
    <testcase name="bugInstancesShouldExist" classname="edu.illinois.keshmesh.detector.tests.lck06j.LCK06JTests.LCK06JTest12" time="1.042">
      <failure>java.lang.AssertionError: 
Expected: a collection containing &lt;LCK06J. Do not use an instance lock to protect shared static data @ /home/mohsen/eclipse-workspaces/junit-workspace/TestProjectLCK06J-12-1319174984410/src/p/A.java / null @ [25--28(0, 0)] : LCK06JFixInformation [unsafeStaticFieldNames=[staticField]]&gt;
     got: &lt;[LCK06J. Do not use an instance lock to protect shared static data @ /home/mohsen/eclipse-workspaces/junit-workspace/TestProjectLCK06J-12-1319174984410/src/p/A.java / p.A @ [25--25(0, 0)] : LCK06JFixInformation [unsafeStaticFieldNames=[p.A.staticField]]]&gt;

	at org.junit.Assert.assertThat(Assert.java:778)
	at org.junit.Assert.assertThat(Assert.java:736)
	at edu.illinois.keshmesh.detector.tests.AbstractTestCase.bugInstanceShouldExist(AbstractTestCase.java:153)
	at edu.illinois.keshmesh.detector.tests.AbstractTestCase.bugInstancesShouldExist(AbstractTestCase.java:108)
	at sun.reflect.NativeMethodAccessorImpl.invoke0(Native Method)
	at sun.reflect.NativeMethodAccessorImpl.invoke(NativeMethodAccessorImpl.java:39)
	at sun.reflect.DelegatingMethodAccessorImpl.invoke(DelegatingMethodAccessorImpl.java:25)
	at java.lang.reflect.Method.invoke(Method.java:597)
	at org.junit.runners.model.FrameworkMethod$1.runReflectiveCall(FrameworkMethod.java:44)
	at org.junit.internal.runners.model.ReflectiveCallable.run(ReflectiveCallable.java:15)
	at org.junit.runners.model.FrameworkMethod.invokeExplosively(FrameworkMethod.java:41)
	at org.junit.internal.runners.statements.InvokeMethod.evaluate(InvokeMethod.java:20)
	at org.junit.internal.runners.statements.RunBefores.evaluate(RunBefores.java:28)
	at org.junit.runners.BlockJUnit4ClassRunner.runChild(BlockJUnit4ClassRunner.java:76)
	at org.junit.runners.BlockJUnit4ClassRunner.runChild(BlockJUnit4ClassRunner.java:50)
	at org.junit.runners.ParentRunner$3.run(ParentRunner.java:193)
	at org.junit.runners.ParentRunner$1.schedule(ParentRunner.java:52)
	at org.junit.runners.ParentRunner.runChildren(ParentRunner.java:191)
	at org.junit.runners.ParentRunner.access$000(ParentRunner.java:42)
	at org.junit.runners.ParentRunner$2.evaluate(ParentRunner.java:184)
	at org.junit.runners.ParentRunner.run(ParentRunner.java:236)
	at org.eclipse.jdt.internal.junit4.runner.JUnit4TestReference.run(JUnit4TestReference.java:49)
	at org.eclipse.jdt.internal.junit.runner.TestExecution.run(TestExecution.java:38)
	at org.eclipse.jdt.internal.junit.runner.RemoteTestRunner.runTests(RemoteTestRunner.java:467)
	at org.eclipse.jdt.internal.junit.runner.RemoteTestRunner.runTests(RemoteTestRunner.java:683)
	at org.eclipse.jdt.internal.junit.runner.RemoteTestRunner.run(RemoteTestRunner.java:390)
	at org.eclipse.pde.internal.junit.runtime.RemotePluginTestRunner.main(RemotePluginTestRunner.java:62)
	at org.eclipse.pde.internal.junit.runtime.UITestApplication$1.run(UITestApplication.java:116)
	at org.eclipse.swt.widgets.RunnableLock.run(RunnableLock.java:35)
	at org.eclipse.swt.widgets.Synchronizer.runAsyncMessages(Synchronizer.java:134)
	at org.eclipse.swt.widgets.Display.runAsyncMessages(Display.java:3527)
	at org.eclipse.swt.widgets.Display.readAndDispatch(Display.java:3174)
	at org.eclipse.ui.internal.Workbench.runEventLoop(Workbench.java:2629)
	at org.eclipse.ui.internal.Workbench.runUI(Workbench.java:2593)
	at org.eclipse.ui.internal.Workbench.access$4(Workbench.java:2427)
	at org.eclipse.ui.internal.Workbench$7.run(Workbench.java:670)
	at org.eclipse.core.databinding.observable.Realm.runWithDefault(Realm.java:332)
	at org.eclipse.ui.internal.Workbench.createAndRunWorkbench(Workbench.java:663)
	at org.eclipse.ui.PlatformUI.createAndRunWorkbench(PlatformUI.java:149)
	at org.eclipse.ui.internal.ide.application.IDEApplication.start(IDEApplication.java:115)
	at org.eclipse.pde.internal.junit.runtime.UITestApplication.start(UITestApplication.java:47)
	at org.eclipse.equinox.internal.app.EclipseAppHandle.run(EclipseAppHandle.java:196)
	at org.eclipse.core.runtime.internal.adaptor.EclipseAppLauncher.runApplication(EclipseAppLauncher.java:110)
	at org.eclipse.core.runtime.internal.adaptor.EclipseAppLauncher.start(EclipseAppLauncher.java:79)
	at org.eclipse.core.runtime.adaptor.EclipseStarter.run(EclipseStarter.java:369)
	at org.eclipse.core.runtime.adaptor.EclipseStarter.run(EclipseStarter.java:179)
	at sun.reflect.NativeMethodAccessorImpl.invoke0(Native Method)
	at sun.reflect.NativeMethodAccessorImpl.invoke(NativeMethodAccessorImpl.java:39)
	at sun.reflect.DelegatingMethodAccessorImpl.invoke(DelegatingMethodAccessorImpl.java:25)
	at java.lang.reflect.Method.invoke(Method.java:597)
	at org.eclipse.equinox.launcher.Main.invokeFramework(Main.java:619)
	at org.eclipse.equinox.launcher.Main.basicRun(Main.java:574)
	at org.eclipse.equinox.launcher.Main.run(Main.java:1407)
	at org.eclipse.equinox.launcher.Main.main(Main.java:1383)

</failure>
    </testcase>
    <testcase name="tryFixExpectedBugInstances" classname="edu.illinois.keshmesh.detector.tests.lck06j.LCK06JTests.LCK06JTest12" time="4.397">
      <failure>java.lang.AssertionError: Could not find bug instance.
	at org.junit.Assert.fail(Assert.java:91)
	at org.junit.Assert.assertTrue(Assert.java:43)
	at org.junit.Assert.assertNotNull(Assert.java:524)
	at edu.illinois.keshmesh.detector.tests.AbstractTestCase.tryFix(AbstractTestCase.java:224)
	at edu.illinois.keshmesh.detector.tests.AbstractTestCase.tryFix(AbstractTestCase.java:241)
	at edu.illinois.keshmesh.detector.tests.AbstractTestCase.tryFixExpectedBugInstances(AbstractTestCase.java:263)
	at sun.reflect.NativeMethodAccessorImpl.invoke0(Native Method)
	at sun.reflect.NativeMethodAccessorImpl.invoke(NativeMethodAccessorImpl.java:39)
	at sun.reflect.DelegatingMethodAccessorImpl.invoke(DelegatingMethodAccessorImpl.java:25)
	at java.lang.reflect.Method.invoke(Method.java:597)
	at org.junit.runners.model.FrameworkMethod$1.runReflectiveCall(FrameworkMethod.java:44)
	at org.junit.internal.runners.model.ReflectiveCallable.run(ReflectiveCallable.java:15)
	at org.junit.runners.model.FrameworkMethod.invokeExplosively(FrameworkMethod.java:41)
	at org.junit.internal.runners.statements.InvokeMethod.evaluate(InvokeMethod.java:20)
	at org.junit.internal.runners.statements.RunBefores.evaluate(RunBefores.java:28)
	at org.junit.runners.BlockJUnit4ClassRunner.runChild(BlockJUnit4ClassRunner.java:76)
	at org.junit.runners.BlockJUnit4ClassRunner.runChild(BlockJUnit4ClassRunner.java:50)
	at org.junit.runners.ParentRunner$3.run(ParentRunner.java:193)
	at org.junit.runners.ParentRunner$1.schedule(ParentRunner.java:52)
	at org.junit.runners.ParentRunner.runChildren(ParentRunner.java:191)
	at org.junit.runners.ParentRunner.access$000(ParentRunner.java:42)
	at org.junit.runners.ParentRunner$2.evaluate(ParentRunner.java:184)
	at org.junit.runners.ParentRunner.run(ParentRunner.java:236)
	at org.eclipse.jdt.internal.junit4.runner.JUnit4TestReference.run(JUnit4TestReference.java:49)
	at org.eclipse.jdt.internal.junit.runner.TestExecution.run(TestExecution.java:38)
	at org.eclipse.jdt.internal.junit.runner.RemoteTestRunner.runTests(RemoteTestRunner.java:467)
	at org.eclipse.jdt.internal.junit.runner.RemoteTestRunner.runTests(RemoteTestRunner.java:683)
	at org.eclipse.jdt.internal.junit.runner.RemoteTestRunner.run(RemoteTestRunner.java:390)
	at org.eclipse.pde.internal.junit.runtime.RemotePluginTestRunner.main(RemotePluginTestRunner.java:62)
	at org.eclipse.pde.internal.junit.runtime.UITestApplication$1.run(UITestApplication.java:116)
	at org.eclipse.swt.widgets.RunnableLock.run(RunnableLock.java:35)
	at org.eclipse.swt.widgets.Synchronizer.runAsyncMessages(Synchronizer.java:134)
	at org.eclipse.swt.widgets.Display.runAsyncMessages(Display.java:3527)
	at org.eclipse.swt.widgets.Display.readAndDispatch(Display.java:3174)
	at org.eclipse.ui.internal.Workbench.runEventLoop(Workbench.java:2629)
	at org.eclipse.ui.internal.Workbench.runUI(Workbench.java:2593)
	at org.eclipse.ui.internal.Workbench.access$4(Workbench.java:2427)
	at org.eclipse.ui.internal.Workbench$7.run(Workbench.java:670)
	at org.eclipse.core.databinding.observable.Realm.runWithDefault(Realm.java:332)
	at org.eclipse.ui.internal.Workbench.createAndRunWorkbench(Workbench.java:663)
	at org.eclipse.ui.PlatformUI.createAndRunWorkbench(PlatformUI.java:149)
	at org.eclipse.ui.internal.ide.application.IDEApplication.start(IDEApplication.java:115)
	at org.eclipse.pde.internal.junit.runtime.UITestApplication.start(UITestApplication.java:47)
	at org.eclipse.equinox.internal.app.EclipseAppHandle.run(EclipseAppHandle.java:196)
	at org.eclipse.core.runtime.internal.adaptor.EclipseAppLauncher.runApplication(EclipseAppLauncher.java:110)
	at org.eclipse.core.runtime.internal.adaptor.EclipseAppLauncher.start(EclipseAppLauncher.java:79)
	at org.eclipse.core.runtime.adaptor.EclipseStarter.run(EclipseStarter.java:369)
	at org.eclipse.core.runtime.adaptor.EclipseStarter.run(EclipseStarter.java:179)
	at sun.reflect.NativeMethodAccessorImpl.invoke0(Native Method)
	at sun.reflect.NativeMethodAccessorImpl.invoke(NativeMethodAccessorImpl.java:39)
	at sun.reflect.DelegatingMethodAccessorImpl.invoke(DelegatingMethodAccessorImpl.java:25)
	at java.lang.reflect.Method.invoke(Method.java:597)
	at org.eclipse.equinox.launcher.Main.invokeFramework(Main.java:619)
	at org.eclipse.equinox.launcher.Main.basicRun(Main.java:574)
	at org.eclipse.equinox.launcher.Main.run(Main.java:1407)
	at org.eclipse.equinox.launcher.Main.main(Main.java:1383)

</failure>
    </testcase>
  </testsuite>
  <testsuite name="edu.illinois.keshmesh.detector.tests.lck06j.LCK06JTests.LCK06JTest14" time="9.405">
    <testcase name="testStaticFields" classname="edu.illinois.keshmesh.detector.tests.lck06j.LCK06JTests.LCK06JTest14" time="1.367"/>
    <testcase name="shouldFindAllBugInstances" classname="edu.illinois.keshmesh.detector.tests.lck06j.LCK06JTests.LCK06JTest14" time="2.363"/>
    <testcase name="bugInstancesShouldExist" classname="edu.illinois.keshmesh.detector.tests.lck06j.LCK06JTests.LCK06JTest14" time="1.33">
      <failure>java.lang.AssertionError: 
Expected: a collection containing &lt;LCK06J. Do not use an instance lock to protect shared static data @ /home/mohsen/eclipse-workspaces/junit-workspace/TestProjectLCK06J-14-1319174993580/src/p/A.java / null @ [25--30(0, 0)] : LCK06JFixInformation [unsafeStaticFieldNames=[staticField]]&gt;
     got: &lt;[LCK06J. Do not use an instance lock to protect shared static data @ /home/mohsen/eclipse-workspaces/junit-workspace/TestProjectLCK06J-14-1319174993580/src/p/A.java / p.A @ [25--25(0, 0)] : LCK06JFixInformation [unsafeStaticFieldNames=[p.A.staticField]]]&gt;

	at org.junit.Assert.assertThat(Assert.java:778)
	at org.junit.Assert.assertThat(Assert.java:736)
	at edu.illinois.keshmesh.detector.tests.AbstractTestCase.bugInstanceShouldExist(AbstractTestCase.java:153)
	at edu.illinois.keshmesh.detector.tests.AbstractTestCase.bugInstancesShouldExist(AbstractTestCase.java:108)
	at sun.reflect.NativeMethodAccessorImpl.invoke0(Native Method)
	at sun.reflect.NativeMethodAccessorImpl.invoke(NativeMethodAccessorImpl.java:39)
	at sun.reflect.DelegatingMethodAccessorImpl.invoke(DelegatingMethodAccessorImpl.java:25)
	at java.lang.reflect.Method.invoke(Method.java:597)
	at org.junit.runners.model.FrameworkMethod$1.runReflectiveCall(FrameworkMethod.java:44)
	at org.junit.internal.runners.model.ReflectiveCallable.run(ReflectiveCallable.java:15)
	at org.junit.runners.model.FrameworkMethod.invokeExplosively(FrameworkMethod.java:41)
	at org.junit.internal.runners.statements.InvokeMethod.evaluate(InvokeMethod.java:20)
	at org.junit.internal.runners.statements.RunBefores.evaluate(RunBefores.java:28)
	at org.junit.runners.BlockJUnit4ClassRunner.runChild(BlockJUnit4ClassRunner.java:76)
	at org.junit.runners.BlockJUnit4ClassRunner.runChild(BlockJUnit4ClassRunner.java:50)
	at org.junit.runners.ParentRunner$3.run(ParentRunner.java:193)
	at org.junit.runners.ParentRunner$1.schedule(ParentRunner.java:52)
	at org.junit.runners.ParentRunner.runChildren(ParentRunner.java:191)
	at org.junit.runners.ParentRunner.access$000(ParentRunner.java:42)
	at org.junit.runners.ParentRunner$2.evaluate(ParentRunner.java:184)
	at org.junit.runners.ParentRunner.run(ParentRunner.java:236)
	at org.eclipse.jdt.internal.junit4.runner.JUnit4TestReference.run(JUnit4TestReference.java:49)
	at org.eclipse.jdt.internal.junit.runner.TestExecution.run(TestExecution.java:38)
	at org.eclipse.jdt.internal.junit.runner.RemoteTestRunner.runTests(RemoteTestRunner.java:467)
	at org.eclipse.jdt.internal.junit.runner.RemoteTestRunner.runTests(RemoteTestRunner.java:683)
	at org.eclipse.jdt.internal.junit.runner.RemoteTestRunner.run(RemoteTestRunner.java:390)
	at org.eclipse.pde.internal.junit.runtime.RemotePluginTestRunner.main(RemotePluginTestRunner.java:62)
	at org.eclipse.pde.internal.junit.runtime.UITestApplication$1.run(UITestApplication.java:116)
	at org.eclipse.swt.widgets.RunnableLock.run(RunnableLock.java:35)
	at org.eclipse.swt.widgets.Synchronizer.runAsyncMessages(Synchronizer.java:134)
	at org.eclipse.swt.widgets.Display.runAsyncMessages(Display.java:3527)
	at org.eclipse.swt.widgets.Display.readAndDispatch(Display.java:3174)
	at org.eclipse.ui.internal.Workbench.runEventLoop(Workbench.java:2629)
	at org.eclipse.ui.internal.Workbench.runUI(Workbench.java:2593)
	at org.eclipse.ui.internal.Workbench.access$4(Workbench.java:2427)
	at org.eclipse.ui.internal.Workbench$7.run(Workbench.java:670)
	at org.eclipse.core.databinding.observable.Realm.runWithDefault(Realm.java:332)
	at org.eclipse.ui.internal.Workbench.createAndRunWorkbench(Workbench.java:663)
	at org.eclipse.ui.PlatformUI.createAndRunWorkbench(PlatformUI.java:149)
	at org.eclipse.ui.internal.ide.application.IDEApplication.start(IDEApplication.java:115)
	at org.eclipse.pde.internal.junit.runtime.UITestApplication.start(UITestApplication.java:47)
	at org.eclipse.equinox.internal.app.EclipseAppHandle.run(EclipseAppHandle.java:196)
	at org.eclipse.core.runtime.internal.adaptor.EclipseAppLauncher.runApplication(EclipseAppLauncher.java:110)
	at org.eclipse.core.runtime.internal.adaptor.EclipseAppLauncher.start(EclipseAppLauncher.java:79)
	at org.eclipse.core.runtime.adaptor.EclipseStarter.run(EclipseStarter.java:369)
	at org.eclipse.core.runtime.adaptor.EclipseStarter.run(EclipseStarter.java:179)
	at sun.reflect.NativeMethodAccessorImpl.invoke0(Native Method)
	at sun.reflect.NativeMethodAccessorImpl.invoke(NativeMethodAccessorImpl.java:39)
	at sun.reflect.DelegatingMethodAccessorImpl.invoke(DelegatingMethodAccessorImpl.java:25)
	at java.lang.reflect.Method.invoke(Method.java:597)
	at org.eclipse.equinox.launcher.Main.invokeFramework(Main.java:619)
	at org.eclipse.equinox.launcher.Main.basicRun(Main.java:574)
	at org.eclipse.equinox.launcher.Main.run(Main.java:1407)
	at org.eclipse.equinox.launcher.Main.main(Main.java:1383)

</failure>
    </testcase>
    <testcase name="tryFixExpectedBugInstances" classname="edu.illinois.keshmesh.detector.tests.lck06j.LCK06JTests.LCK06JTest14" time="4.345">
      <failure>java.lang.AssertionError: Could not find bug instance.
	at org.junit.Assert.fail(Assert.java:91)
	at org.junit.Assert.assertTrue(Assert.java:43)
	at org.junit.Assert.assertNotNull(Assert.java:524)
	at edu.illinois.keshmesh.detector.tests.AbstractTestCase.tryFix(AbstractTestCase.java:224)
	at edu.illinois.keshmesh.detector.tests.AbstractTestCase.tryFix(AbstractTestCase.java:241)
	at edu.illinois.keshmesh.detector.tests.AbstractTestCase.tryFixExpectedBugInstances(AbstractTestCase.java:263)
	at sun.reflect.NativeMethodAccessorImpl.invoke0(Native Method)
	at sun.reflect.NativeMethodAccessorImpl.invoke(NativeMethodAccessorImpl.java:39)
	at sun.reflect.DelegatingMethodAccessorImpl.invoke(DelegatingMethodAccessorImpl.java:25)
	at java.lang.reflect.Method.invoke(Method.java:597)
	at org.junit.runners.model.FrameworkMethod$1.runReflectiveCall(FrameworkMethod.java:44)
	at org.junit.internal.runners.model.ReflectiveCallable.run(ReflectiveCallable.java:15)
	at org.junit.runners.model.FrameworkMethod.invokeExplosively(FrameworkMethod.java:41)
	at org.junit.internal.runners.statements.InvokeMethod.evaluate(InvokeMethod.java:20)
	at org.junit.internal.runners.statements.RunBefores.evaluate(RunBefores.java:28)
	at org.junit.runners.BlockJUnit4ClassRunner.runChild(BlockJUnit4ClassRunner.java:76)
	at org.junit.runners.BlockJUnit4ClassRunner.runChild(BlockJUnit4ClassRunner.java:50)
	at org.junit.runners.ParentRunner$3.run(ParentRunner.java:193)
	at org.junit.runners.ParentRunner$1.schedule(ParentRunner.java:52)
	at org.junit.runners.ParentRunner.runChildren(ParentRunner.java:191)
	at org.junit.runners.ParentRunner.access$000(ParentRunner.java:42)
	at org.junit.runners.ParentRunner$2.evaluate(ParentRunner.java:184)
	at org.junit.runners.ParentRunner.run(ParentRunner.java:236)
	at org.eclipse.jdt.internal.junit4.runner.JUnit4TestReference.run(JUnit4TestReference.java:49)
	at org.eclipse.jdt.internal.junit.runner.TestExecution.run(TestExecution.java:38)
	at org.eclipse.jdt.internal.junit.runner.RemoteTestRunner.runTests(RemoteTestRunner.java:467)
	at org.eclipse.jdt.internal.junit.runner.RemoteTestRunner.runTests(RemoteTestRunner.java:683)
	at org.eclipse.jdt.internal.junit.runner.RemoteTestRunner.run(RemoteTestRunner.java:390)
	at org.eclipse.pde.internal.junit.runtime.RemotePluginTestRunner.main(RemotePluginTestRunner.java:62)
	at org.eclipse.pde.internal.junit.runtime.UITestApplication$1.run(UITestApplication.java:116)
	at org.eclipse.swt.widgets.RunnableLock.run(RunnableLock.java:35)
	at org.eclipse.swt.widgets.Synchronizer.runAsyncMessages(Synchronizer.java:134)
	at org.eclipse.swt.widgets.Display.runAsyncMessages(Display.java:3527)
	at org.eclipse.swt.widgets.Display.readAndDispatch(Display.java:3174)
	at org.eclipse.ui.internal.Workbench.runEventLoop(Workbench.java:2629)
	at org.eclipse.ui.internal.Workbench.runUI(Workbench.java:2593)
	at org.eclipse.ui.internal.Workbench.access$4(Workbench.java:2427)
	at org.eclipse.ui.internal.Workbench$7.run(Workbench.java:670)
	at org.eclipse.core.databinding.observable.Realm.runWithDefault(Realm.java:332)
	at org.eclipse.ui.internal.Workbench.createAndRunWorkbench(Workbench.java:663)
	at org.eclipse.ui.PlatformUI.createAndRunWorkbench(PlatformUI.java:149)
	at org.eclipse.ui.internal.ide.application.IDEApplication.start(IDEApplication.java:115)
	at org.eclipse.pde.internal.junit.runtime.UITestApplication.start(UITestApplication.java:47)
	at org.eclipse.equinox.internal.app.EclipseAppHandle.run(EclipseAppHandle.java:196)
	at org.eclipse.core.runtime.internal.adaptor.EclipseAppLauncher.runApplication(EclipseAppLauncher.java:110)
	at org.eclipse.core.runtime.internal.adaptor.EclipseAppLauncher.start(EclipseAppLauncher.java:79)
	at org.eclipse.core.runtime.adaptor.EclipseStarter.run(EclipseStarter.java:369)
	at org.eclipse.core.runtime.adaptor.EclipseStarter.run(EclipseStarter.java:179)
	at sun.reflect.NativeMethodAccessorImpl.invoke0(Native Method)
	at sun.reflect.NativeMethodAccessorImpl.invoke(NativeMethodAccessorImpl.java:39)
	at sun.reflect.DelegatingMethodAccessorImpl.invoke(DelegatingMethodAccessorImpl.java:25)
	at java.lang.reflect.Method.invoke(Method.java:597)
	at org.eclipse.equinox.launcher.Main.invokeFramework(Main.java:619)
	at org.eclipse.equinox.launcher.Main.basicRun(Main.java:574)
	at org.eclipse.equinox.launcher.Main.run(Main.java:1407)
	at org.eclipse.equinox.launcher.Main.main(Main.java:1383)

</failure>
    </testcase>
  </testsuite>
  <testsuite name="edu.illinois.keshmesh.detector.tests.lck06j.LCK06JTests.LCK06JTest16" time="21.579">
    <testcase name="testStaticFields" classname="edu.illinois.keshmesh.detector.tests.lck06j.LCK06JTests.LCK06JTest16" time="4.88"/>
    <testcase name="shouldFindAllBugInstances" classname="edu.illinois.keshmesh.detector.tests.lck06j.LCK06JTests.LCK06JTest16" time="3.544"/>
    <testcase name="bugInstancesShouldExist" classname="edu.illinois.keshmesh.detector.tests.lck06j.LCK06JTests.LCK06JTest16" time="4.352"/>
    <testcase name="tryFixExpectedBugInstances" classname="edu.illinois.keshmesh.detector.tests.lck06j.LCK06JTests.LCK06JTest16" time="8.803"/>
  </testsuite>
  <testsuite name="edu.illinois.keshmesh.detector.tests.lck06j.LCK06JTests.LCK06JTest05" time="10.064">
    <testcase name="testStaticFields" classname="edu.illinois.keshmesh.detector.tests.lck06j.LCK06JTests.LCK06JTest05" time="1.446"/>
    <testcase name="shouldFindAllBugInstances" classname="edu.illinois.keshmesh.detector.tests.lck06j.LCK06JTests.LCK06JTest05" time="2.636"/>
    <testcase name="bugInstancesShouldExist" classname="edu.illinois.keshmesh.detector.tests.lck06j.LCK06JTests.LCK06JTest05" time="1.515"/>
    <testcase name="tryFixExpectedBugInstances" classname="edu.illinois.keshmesh.detector.tests.lck06j.LCK06JTests.LCK06JTest05" time="4.467"/>
  </testsuite>
  <testsuite name="edu.illinois.keshmesh.detector.tests.lck06j.LCK06JTests.LCK06JTest02" time="17.78">
    <testcase name="testStaticFields" classname="edu.illinois.keshmesh.detector.tests.lck06j.LCK06JTests.LCK06JTest02" time="5.116"/>
    <testcase name="shouldFindAllBugInstances" classname="edu.illinois.keshmesh.detector.tests.lck06j.LCK06JTests.LCK06JTest02" time="3.596"/>
    <testcase name="bugInstancesShouldExist" classname="edu.illinois.keshmesh.detector.tests.lck06j.LCK06JTests.LCK06JTest02" time="4.711"/>
    <testcase name="tryFixExpectedBugInstances" classname="edu.illinois.keshmesh.detector.tests.lck06j.LCK06JTests.LCK06JTest02" time="4.357"/>
  </testsuite>
  <testsuite name="edu.illinois.keshmesh.detector.tests.lck06j.LCK06JTests.LCK06JTest04" time="7.812">
    <testcase name="testStaticFields" classname="edu.illinois.keshmesh.detector.tests.lck06j.LCK06JTests.LCK06JTest04" time="1.671"/>
    <testcase name="shouldFindAllBugInstances" classname="edu.illinois.keshmesh.detector.tests.lck06j.LCK06JTests.LCK06JTest04" time="1.241"/>
    <testcase name="bugInstancesShouldExist" classname="edu.illinois.keshmesh.detector.tests.lck06j.LCK06JTests.LCK06JTest04" time="1.165"/>
    <testcase name="tryFixExpectedBugInstances" classname="edu.illinois.keshmesh.detector.tests.lck06j.LCK06JTests.LCK06JTest04" time="3.735"/>
  </testsuite>
  <testsuite name="edu.illinois.keshmesh.detector.tests.lck06j.LCK06JTests.LCK06JTest08" time="8.316">
    <testcase name="testStaticFields" classname="edu.illinois.keshmesh.detector.tests.lck06j.LCK06JTests.LCK06JTest08" time="1.717">
      <failure>java.lang.AssertionError: Only FixInformation's of the same types can be merged
	at edu.illinois.keshmesh.detector.bugs.LCK06JFixInformation.merge(LCK06JFixInformation.java:32)
	at edu.illinois.keshmesh.detector.bugs.BugInstance.merge(BugInstance.java:49)
	at edu.illinois.keshmesh.detector.bugs.BugInstances.add(BugInstances.java:28)
	at edu.illinois.keshmesh.detector.LCK06JBugDetector.reportActuallyUnsafeInstructions(LCK06JBugDetector.java:183)
	at edu.illinois.keshmesh.detector.LCK06JBugDetector.reportActuallyUnsafeInstructionsOfMethod(LCK06JBugDetector.java:176)
	at edu.illinois.keshmesh.detector.LCK06JBugDetector.reportActuallyUnsafeInstructionsOfMethods(LCK06JBugDetector.java:150)
	at edu.illinois.keshmesh.detector.LCK06JBugDetector.reportActuallyUnsafeInstructions(LCK06JBugDetector.java:139)
	at edu.illinois.keshmesh.detector.LCK06JBugDetector.performAnalysis(LCK06JBugDetector.java:123)
	at edu.illinois.keshmesh.detector.Main.initAndPerformAnalysis(Main.java:42)
	at edu.illinois.keshmesh.detector.tests.AbstractTestCase.findBugs(AbstractTestCase.java:216)
	at edu.illinois.keshmesh.detector.tests.AbstractTestCase.setupProjectAndAnalyze(AbstractTestCase.java:172)
	at edu.illinois.keshmesh.detector.tests.lck06j.LCK06JTests$LCK06JTest08.setup(LCK06JTests.java:87)
	at sun.reflect.NativeMethodAccessorImpl.invoke0(Native Method)
	at sun.reflect.NativeMethodAccessorImpl.invoke(NativeMethodAccessorImpl.java:39)
	at sun.reflect.DelegatingMethodAccessorImpl.invoke(DelegatingMethodAccessorImpl.java:25)
	at java.lang.reflect.Method.invoke(Method.java:597)
	at org.junit.runners.model.FrameworkMethod$1.runReflectiveCall(FrameworkMethod.java:44)
	at org.junit.internal.runners.model.ReflectiveCallable.run(ReflectiveCallable.java:15)
	at org.junit.runners.model.FrameworkMethod.invokeExplosively(FrameworkMethod.java:41)
	at org.junit.internal.runners.statements.RunBefores.evaluate(RunBefores.java:27)
	at org.junit.runners.BlockJUnit4ClassRunner.runChild(BlockJUnit4ClassRunner.java:76)
	at org.junit.runners.BlockJUnit4ClassRunner.runChild(BlockJUnit4ClassRunner.java:50)
	at org.junit.runners.ParentRunner$3.run(ParentRunner.java:193)
	at org.junit.runners.ParentRunner$1.schedule(ParentRunner.java:52)
	at org.junit.runners.ParentRunner.runChildren(ParentRunner.java:191)
	at org.junit.runners.ParentRunner.access$000(ParentRunner.java:42)
	at org.junit.runners.ParentRunner$2.evaluate(ParentRunner.java:184)
	at org.junit.runners.ParentRunner.run(ParentRunner.java:236)
	at org.eclipse.jdt.internal.junit4.runner.JUnit4TestReference.run(JUnit4TestReference.java:49)
	at org.eclipse.jdt.internal.junit.runner.TestExecution.run(TestExecution.java:38)
	at org.eclipse.jdt.internal.junit.runner.RemoteTestRunner.runTests(RemoteTestRunner.java:467)
	at org.eclipse.jdt.internal.junit.runner.RemoteTestRunner.runTests(RemoteTestRunner.java:683)
	at org.eclipse.jdt.internal.junit.runner.RemoteTestRunner.run(RemoteTestRunner.java:390)
	at org.eclipse.pde.internal.junit.runtime.RemotePluginTestRunner.main(RemotePluginTestRunner.java:62)
	at org.eclipse.pde.internal.junit.runtime.UITestApplication$1.run(UITestApplication.java:116)
	at org.eclipse.swt.widgets.RunnableLock.run(RunnableLock.java:35)
	at org.eclipse.swt.widgets.Synchronizer.runAsyncMessages(Synchronizer.java:134)
	at org.eclipse.swt.widgets.Display.runAsyncMessages(Display.java:3527)
	at org.eclipse.swt.widgets.Display.readAndDispatch(Display.java:3174)
	at org.eclipse.ui.internal.Workbench.runEventLoop(Workbench.java:2629)
	at org.eclipse.ui.internal.Workbench.runUI(Workbench.java:2593)
	at org.eclipse.ui.internal.Workbench.access$4(Workbench.java:2427)
	at org.eclipse.ui.internal.Workbench$7.run(Workbench.java:670)
	at org.eclipse.core.databinding.observable.Realm.runWithDefault(Realm.java:332)
	at org.eclipse.ui.internal.Workbench.createAndRunWorkbench(Workbench.java:663)
	at org.eclipse.ui.PlatformUI.createAndRunWorkbench(PlatformUI.java:149)
	at org.eclipse.ui.internal.ide.application.IDEApplication.start(IDEApplication.java:115)
	at org.eclipse.pde.internal.junit.runtime.UITestApplication.start(UITestApplication.java:47)
	at org.eclipse.equinox.internal.app.EclipseAppHandle.run(EclipseAppHandle.java:196)
	at org.eclipse.core.runtime.internal.adaptor.EclipseAppLauncher.runApplication(EclipseAppLauncher.java:110)
	at org.eclipse.core.runtime.internal.adaptor.EclipseAppLauncher.start(EclipseAppLauncher.java:79)
	at org.eclipse.core.runtime.adaptor.EclipseStarter.run(EclipseStarter.java:369)
	at org.eclipse.core.runtime.adaptor.EclipseStarter.run(EclipseStarter.java:179)
	at sun.reflect.NativeMethodAccessorImpl.invoke0(Native Method)
	at sun.reflect.NativeMethodAccessorImpl.invoke(NativeMethodAccessorImpl.java:39)
	at sun.reflect.DelegatingMethodAccessorImpl.invoke(DelegatingMethodAccessorImpl.java:25)
	at java.lang.reflect.Method.invoke(Method.java:597)
	at org.eclipse.equinox.launcher.Main.invokeFramework(Main.java:619)
	at org.eclipse.equinox.launcher.Main.basicRun(Main.java:574)
	at org.eclipse.equinox.launcher.Main.run(Main.java:1407)
	at org.eclipse.equinox.launcher.Main.main(Main.java:1383)

</failure>
    </testcase>
    <testcase name="shouldFindAllBugInstances" classname="edu.illinois.keshmesh.detector.tests.lck06j.LCK06JTests.LCK06JTest08" time="2.418">
      <failure>java.lang.AssertionError: Only FixInformation's of the same types can be merged
	at edu.illinois.keshmesh.detector.bugs.LCK06JFixInformation.merge(LCK06JFixInformation.java:32)
	at edu.illinois.keshmesh.detector.bugs.BugInstance.merge(BugInstance.java:49)
	at edu.illinois.keshmesh.detector.bugs.BugInstances.add(BugInstances.java:28)
	at edu.illinois.keshmesh.detector.LCK06JBugDetector.reportActuallyUnsafeInstructions(LCK06JBugDetector.java:183)
	at edu.illinois.keshmesh.detector.LCK06JBugDetector.reportActuallyUnsafeInstructionsOfMethod(LCK06JBugDetector.java:176)
	at edu.illinois.keshmesh.detector.LCK06JBugDetector.reportActuallyUnsafeInstructionsOfMethods(LCK06JBugDetector.java:150)
	at edu.illinois.keshmesh.detector.LCK06JBugDetector.reportActuallyUnsafeInstructions(LCK06JBugDetector.java:139)
	at edu.illinois.keshmesh.detector.LCK06JBugDetector.performAnalysis(LCK06JBugDetector.java:123)
	at edu.illinois.keshmesh.detector.Main.initAndPerformAnalysis(Main.java:42)
	at edu.illinois.keshmesh.detector.tests.AbstractTestCase.findBugs(AbstractTestCase.java:216)
	at edu.illinois.keshmesh.detector.tests.AbstractTestCase.setupProjectAndAnalyze(AbstractTestCase.java:172)
	at edu.illinois.keshmesh.detector.tests.lck06j.LCK06JTests$LCK06JTest08.setup(LCK06JTests.java:87)
	at sun.reflect.NativeMethodAccessorImpl.invoke0(Native Method)
	at sun.reflect.NativeMethodAccessorImpl.invoke(NativeMethodAccessorImpl.java:39)
	at sun.reflect.DelegatingMethodAccessorImpl.invoke(DelegatingMethodAccessorImpl.java:25)
	at java.lang.reflect.Method.invoke(Method.java:597)
	at org.junit.runners.model.FrameworkMethod$1.runReflectiveCall(FrameworkMethod.java:44)
	at org.junit.internal.runners.model.ReflectiveCallable.run(ReflectiveCallable.java:15)
	at org.junit.runners.model.FrameworkMethod.invokeExplosively(FrameworkMethod.java:41)
	at org.junit.internal.runners.statements.RunBefores.evaluate(RunBefores.java:27)
	at org.junit.runners.BlockJUnit4ClassRunner.runChild(BlockJUnit4ClassRunner.java:76)
	at org.junit.runners.BlockJUnit4ClassRunner.runChild(BlockJUnit4ClassRunner.java:50)
	at org.junit.runners.ParentRunner$3.run(ParentRunner.java:193)
	at org.junit.runners.ParentRunner$1.schedule(ParentRunner.java:52)
	at org.junit.runners.ParentRunner.runChildren(ParentRunner.java:191)
	at org.junit.runners.ParentRunner.access$000(ParentRunner.java:42)
	at org.junit.runners.ParentRunner$2.evaluate(ParentRunner.java:184)
	at org.junit.runners.ParentRunner.run(ParentRunner.java:236)
	at org.eclipse.jdt.internal.junit4.runner.JUnit4TestReference.run(JUnit4TestReference.java:49)
	at org.eclipse.jdt.internal.junit.runner.TestExecution.run(TestExecution.java:38)
	at org.eclipse.jdt.internal.junit.runner.RemoteTestRunner.runTests(RemoteTestRunner.java:467)
	at org.eclipse.jdt.internal.junit.runner.RemoteTestRunner.runTests(RemoteTestRunner.java:683)
	at org.eclipse.jdt.internal.junit.runner.RemoteTestRunner.run(RemoteTestRunner.java:390)
	at org.eclipse.pde.internal.junit.runtime.RemotePluginTestRunner.main(RemotePluginTestRunner.java:62)
	at org.eclipse.pde.internal.junit.runtime.UITestApplication$1.run(UITestApplication.java:116)
	at org.eclipse.swt.widgets.RunnableLock.run(RunnableLock.java:35)
	at org.eclipse.swt.widgets.Synchronizer.runAsyncMessages(Synchronizer.java:134)
	at org.eclipse.swt.widgets.Display.runAsyncMessages(Display.java:3527)
	at org.eclipse.swt.widgets.Display.readAndDispatch(Display.java:3174)
	at org.eclipse.ui.internal.Workbench.runEventLoop(Workbench.java:2629)
	at org.eclipse.ui.internal.Workbench.runUI(Workbench.java:2593)
	at org.eclipse.ui.internal.Workbench.access$4(Workbench.java:2427)
	at org.eclipse.ui.internal.Workbench$7.run(Workbench.java:670)
	at org.eclipse.core.databinding.observable.Realm.runWithDefault(Realm.java:332)
	at org.eclipse.ui.internal.Workbench.createAndRunWorkbench(Workbench.java:663)
	at org.eclipse.ui.PlatformUI.createAndRunWorkbench(PlatformUI.java:149)
	at org.eclipse.ui.internal.ide.application.IDEApplication.start(IDEApplication.java:115)
	at org.eclipse.pde.internal.junit.runtime.UITestApplication.start(UITestApplication.java:47)
	at org.eclipse.equinox.internal.app.EclipseAppHandle.run(EclipseAppHandle.java:196)
	at org.eclipse.core.runtime.internal.adaptor.EclipseAppLauncher.runApplication(EclipseAppLauncher.java:110)
	at org.eclipse.core.runtime.internal.adaptor.EclipseAppLauncher.start(EclipseAppLauncher.java:79)
	at org.eclipse.core.runtime.adaptor.EclipseStarter.run(EclipseStarter.java:369)
	at org.eclipse.core.runtime.adaptor.EclipseStarter.run(EclipseStarter.java:179)
	at sun.reflect.NativeMethodAccessorImpl.invoke0(Native Method)
	at sun.reflect.NativeMethodAccessorImpl.invoke(NativeMethodAccessorImpl.java:39)
	at sun.reflect.DelegatingMethodAccessorImpl.invoke(DelegatingMethodAccessorImpl.java:25)
	at java.lang.reflect.Method.invoke(Method.java:597)
	at org.eclipse.equinox.launcher.Main.invokeFramework(Main.java:619)
	at org.eclipse.equinox.launcher.Main.basicRun(Main.java:574)
	at org.eclipse.equinox.launcher.Main.run(Main.java:1407)
	at org.eclipse.equinox.launcher.Main.main(Main.java:1383)

</failure>
    </testcase>
    <testcase name="bugInstancesShouldExist" classname="edu.illinois.keshmesh.detector.tests.lck06j.LCK06JTests.LCK06JTest08" time="1.872">
      <failure>java.lang.AssertionError: Only FixInformation's of the same types can be merged
	at edu.illinois.keshmesh.detector.bugs.LCK06JFixInformation.merge(LCK06JFixInformation.java:32)
	at edu.illinois.keshmesh.detector.bugs.BugInstance.merge(BugInstance.java:49)
	at edu.illinois.keshmesh.detector.bugs.BugInstances.add(BugInstances.java:28)
	at edu.illinois.keshmesh.detector.LCK06JBugDetector.reportActuallyUnsafeInstructions(LCK06JBugDetector.java:183)
	at edu.illinois.keshmesh.detector.LCK06JBugDetector.reportActuallyUnsafeInstructionsOfMethod(LCK06JBugDetector.java:176)
	at edu.illinois.keshmesh.detector.LCK06JBugDetector.reportActuallyUnsafeInstructionsOfMethods(LCK06JBugDetector.java:150)
	at edu.illinois.keshmesh.detector.LCK06JBugDetector.reportActuallyUnsafeInstructions(LCK06JBugDetector.java:139)
	at edu.illinois.keshmesh.detector.LCK06JBugDetector.performAnalysis(LCK06JBugDetector.java:123)
	at edu.illinois.keshmesh.detector.Main.initAndPerformAnalysis(Main.java:42)
	at edu.illinois.keshmesh.detector.tests.AbstractTestCase.findBugs(AbstractTestCase.java:216)
	at edu.illinois.keshmesh.detector.tests.AbstractTestCase.setupProjectAndAnalyze(AbstractTestCase.java:172)
	at edu.illinois.keshmesh.detector.tests.lck06j.LCK06JTests$LCK06JTest08.setup(LCK06JTests.java:87)
	at sun.reflect.NativeMethodAccessorImpl.invoke0(Native Method)
	at sun.reflect.NativeMethodAccessorImpl.invoke(NativeMethodAccessorImpl.java:39)
	at sun.reflect.DelegatingMethodAccessorImpl.invoke(DelegatingMethodAccessorImpl.java:25)
	at java.lang.reflect.Method.invoke(Method.java:597)
	at org.junit.runners.model.FrameworkMethod$1.runReflectiveCall(FrameworkMethod.java:44)
	at org.junit.internal.runners.model.ReflectiveCallable.run(ReflectiveCallable.java:15)
	at org.junit.runners.model.FrameworkMethod.invokeExplosively(FrameworkMethod.java:41)
	at org.junit.internal.runners.statements.RunBefores.evaluate(RunBefores.java:27)
	at org.junit.runners.BlockJUnit4ClassRunner.runChild(BlockJUnit4ClassRunner.java:76)
	at org.junit.runners.BlockJUnit4ClassRunner.runChild(BlockJUnit4ClassRunner.java:50)
	at org.junit.runners.ParentRunner$3.run(ParentRunner.java:193)
	at org.junit.runners.ParentRunner$1.schedule(ParentRunner.java:52)
	at org.junit.runners.ParentRunner.runChildren(ParentRunner.java:191)
	at org.junit.runners.ParentRunner.access$000(ParentRunner.java:42)
	at org.junit.runners.ParentRunner$2.evaluate(ParentRunner.java:184)
	at org.junit.runners.ParentRunner.run(ParentRunner.java:236)
	at org.eclipse.jdt.internal.junit4.runner.JUnit4TestReference.run(JUnit4TestReference.java:49)
	at org.eclipse.jdt.internal.junit.runner.TestExecution.run(TestExecution.java:38)
	at org.eclipse.jdt.internal.junit.runner.RemoteTestRunner.runTests(RemoteTestRunner.java:467)
	at org.eclipse.jdt.internal.junit.runner.RemoteTestRunner.runTests(RemoteTestRunner.java:683)
	at org.eclipse.jdt.internal.junit.runner.RemoteTestRunner.run(RemoteTestRunner.java:390)
	at org.eclipse.pde.internal.junit.runtime.RemotePluginTestRunner.main(RemotePluginTestRunner.java:62)
	at org.eclipse.pde.internal.junit.runtime.UITestApplication$1.run(UITestApplication.java:116)
	at org.eclipse.swt.widgets.RunnableLock.run(RunnableLock.java:35)
	at org.eclipse.swt.widgets.Synchronizer.runAsyncMessages(Synchronizer.java:134)
	at org.eclipse.swt.widgets.Display.runAsyncMessages(Display.java:3527)
	at org.eclipse.swt.widgets.Display.readAndDispatch(Display.java:3174)
	at org.eclipse.ui.internal.Workbench.runEventLoop(Workbench.java:2629)
	at org.eclipse.ui.internal.Workbench.runUI(Workbench.java:2593)
	at org.eclipse.ui.internal.Workbench.access$4(Workbench.java:2427)
	at org.eclipse.ui.internal.Workbench$7.run(Workbench.java:670)
	at org.eclipse.core.databinding.observable.Realm.runWithDefault(Realm.java:332)
	at org.eclipse.ui.internal.Workbench.createAndRunWorkbench(Workbench.java:663)
	at org.eclipse.ui.PlatformUI.createAndRunWorkbench(PlatformUI.java:149)
	at org.eclipse.ui.internal.ide.application.IDEApplication.start(IDEApplication.java:115)
	at org.eclipse.pde.internal.junit.runtime.UITestApplication.start(UITestApplication.java:47)
	at org.eclipse.equinox.internal.app.EclipseAppHandle.run(EclipseAppHandle.java:196)
	at org.eclipse.core.runtime.internal.adaptor.EclipseAppLauncher.runApplication(EclipseAppLauncher.java:110)
	at org.eclipse.core.runtime.internal.adaptor.EclipseAppLauncher.start(EclipseAppLauncher.java:79)
	at org.eclipse.core.runtime.adaptor.EclipseStarter.run(EclipseStarter.java:369)
	at org.eclipse.core.runtime.adaptor.EclipseStarter.run(EclipseStarter.java:179)
	at sun.reflect.NativeMethodAccessorImpl.invoke0(Native Method)
	at sun.reflect.NativeMethodAccessorImpl.invoke(NativeMethodAccessorImpl.java:39)
	at sun.reflect.DelegatingMethodAccessorImpl.invoke(DelegatingMethodAccessorImpl.java:25)
	at java.lang.reflect.Method.invoke(Method.java:597)
	at org.eclipse.equinox.launcher.Main.invokeFramework(Main.java:619)
	at org.eclipse.equinox.launcher.Main.basicRun(Main.java:574)
	at org.eclipse.equinox.launcher.Main.run(Main.java:1407)
	at org.eclipse.equinox.launcher.Main.main(Main.java:1383)

</failure>
    </testcase>
    <testcase name="tryFixExpectedBugInstances" classname="edu.illinois.keshmesh.detector.tests.lck06j.LCK06JTests.LCK06JTest08" time="2.309">
      <failure>java.lang.AssertionError: Only FixInformation's of the same types can be merged
	at edu.illinois.keshmesh.detector.bugs.LCK06JFixInformation.merge(LCK06JFixInformation.java:32)
	at edu.illinois.keshmesh.detector.bugs.BugInstance.merge(BugInstance.java:49)
	at edu.illinois.keshmesh.detector.bugs.BugInstances.add(BugInstances.java:28)
	at edu.illinois.keshmesh.detector.LCK06JBugDetector.reportActuallyUnsafeInstructions(LCK06JBugDetector.java:183)
	at edu.illinois.keshmesh.detector.LCK06JBugDetector.reportActuallyUnsafeInstructionsOfMethod(LCK06JBugDetector.java:176)
	at edu.illinois.keshmesh.detector.LCK06JBugDetector.reportActuallyUnsafeInstructionsOfMethods(LCK06JBugDetector.java:150)
	at edu.illinois.keshmesh.detector.LCK06JBugDetector.reportActuallyUnsafeInstructions(LCK06JBugDetector.java:139)
	at edu.illinois.keshmesh.detector.LCK06JBugDetector.performAnalysis(LCK06JBugDetector.java:123)
	at edu.illinois.keshmesh.detector.Main.initAndPerformAnalysis(Main.java:42)
	at edu.illinois.keshmesh.detector.tests.AbstractTestCase.findBugs(AbstractTestCase.java:216)
	at edu.illinois.keshmesh.detector.tests.AbstractTestCase.setupProjectAndAnalyze(AbstractTestCase.java:172)
	at edu.illinois.keshmesh.detector.tests.lck06j.LCK06JTests$LCK06JTest08.setup(LCK06JTests.java:87)
	at sun.reflect.NativeMethodAccessorImpl.invoke0(Native Method)
	at sun.reflect.NativeMethodAccessorImpl.invoke(NativeMethodAccessorImpl.java:39)
	at sun.reflect.DelegatingMethodAccessorImpl.invoke(DelegatingMethodAccessorImpl.java:25)
	at java.lang.reflect.Method.invoke(Method.java:597)
	at org.junit.runners.model.FrameworkMethod$1.runReflectiveCall(FrameworkMethod.java:44)
	at org.junit.internal.runners.model.ReflectiveCallable.run(ReflectiveCallable.java:15)
	at org.junit.runners.model.FrameworkMethod.invokeExplosively(FrameworkMethod.java:41)
	at org.junit.internal.runners.statements.RunBefores.evaluate(RunBefores.java:27)
	at org.junit.runners.BlockJUnit4ClassRunner.runChild(BlockJUnit4ClassRunner.java:76)
	at org.junit.runners.BlockJUnit4ClassRunner.runChild(BlockJUnit4ClassRunner.java:50)
	at org.junit.runners.ParentRunner$3.run(ParentRunner.java:193)
	at org.junit.runners.ParentRunner$1.schedule(ParentRunner.java:52)
	at org.junit.runners.ParentRunner.runChildren(ParentRunner.java:191)
	at org.junit.runners.ParentRunner.access$000(ParentRunner.java:42)
	at org.junit.runners.ParentRunner$2.evaluate(ParentRunner.java:184)
	at org.junit.runners.ParentRunner.run(ParentRunner.java:236)
	at org.eclipse.jdt.internal.junit4.runner.JUnit4TestReference.run(JUnit4TestReference.java:49)
	at org.eclipse.jdt.internal.junit.runner.TestExecution.run(TestExecution.java:38)
	at org.eclipse.jdt.internal.junit.runner.RemoteTestRunner.runTests(RemoteTestRunner.java:467)
	at org.eclipse.jdt.internal.junit.runner.RemoteTestRunner.runTests(RemoteTestRunner.java:683)
	at org.eclipse.jdt.internal.junit.runner.RemoteTestRunner.run(RemoteTestRunner.java:390)
	at org.eclipse.pde.internal.junit.runtime.RemotePluginTestRunner.main(RemotePluginTestRunner.java:62)
	at org.eclipse.pde.internal.junit.runtime.UITestApplication$1.run(UITestApplication.java:116)
	at org.eclipse.swt.widgets.RunnableLock.run(RunnableLock.java:35)
	at org.eclipse.swt.widgets.Synchronizer.runAsyncMessages(Synchronizer.java:134)
	at org.eclipse.swt.widgets.Display.runAsyncMessages(Display.java:3527)
	at org.eclipse.swt.widgets.Display.readAndDispatch(Display.java:3174)
	at org.eclipse.ui.internal.Workbench.runEventLoop(Workbench.java:2629)
	at org.eclipse.ui.internal.Workbench.runUI(Workbench.java:2593)
	at org.eclipse.ui.internal.Workbench.access$4(Workbench.java:2427)
	at org.eclipse.ui.internal.Workbench$7.run(Workbench.java:670)
	at org.eclipse.core.databinding.observable.Realm.runWithDefault(Realm.java:332)
	at org.eclipse.ui.internal.Workbench.createAndRunWorkbench(Workbench.java:663)
	at org.eclipse.ui.PlatformUI.createAndRunWorkbench(PlatformUI.java:149)
	at org.eclipse.ui.internal.ide.application.IDEApplication.start(IDEApplication.java:115)
	at org.eclipse.pde.internal.junit.runtime.UITestApplication.start(UITestApplication.java:47)
	at org.eclipse.equinox.internal.app.EclipseAppHandle.run(EclipseAppHandle.java:196)
	at org.eclipse.core.runtime.internal.adaptor.EclipseAppLauncher.runApplication(EclipseAppLauncher.java:110)
	at org.eclipse.core.runtime.internal.adaptor.EclipseAppLauncher.start(EclipseAppLauncher.java:79)
	at org.eclipse.core.runtime.adaptor.EclipseStarter.run(EclipseStarter.java:369)
	at org.eclipse.core.runtime.adaptor.EclipseStarter.run(EclipseStarter.java:179)
	at sun.reflect.NativeMethodAccessorImpl.invoke0(Native Method)
	at sun.reflect.NativeMethodAccessorImpl.invoke(NativeMethodAccessorImpl.java:39)
	at sun.reflect.DelegatingMethodAccessorImpl.invoke(DelegatingMethodAccessorImpl.java:25)
	at java.lang.reflect.Method.invoke(Method.java:597)
	at org.eclipse.equinox.launcher.Main.invokeFramework(Main.java:619)
	at org.eclipse.equinox.launcher.Main.basicRun(Main.java:574)
	at org.eclipse.equinox.launcher.Main.run(Main.java:1407)
	at org.eclipse.equinox.launcher.Main.main(Main.java:1383)

</failure>
    </testcase>
  </testsuite>
  <testsuite name="edu.illinois.keshmesh.detector.tests.lck06j.LCK06JTests.LCK06JTest15" time="7.384">
    <testcase name="testStaticFields" classname="edu.illinois.keshmesh.detector.tests.lck06j.LCK06JTests.LCK06JTest15" time="1.592"/>
    <testcase name="shouldFindAllBugInstances" classname="edu.illinois.keshmesh.detector.tests.lck06j.LCK06JTests.LCK06JTest15" time="2.183"/>
    <testcase name="bugInstancesShouldExist" classname="edu.illinois.keshmesh.detector.tests.lck06j.LCK06JTests.LCK06JTest15" time="1.965"/>
    <testcase name="tryFixExpectedBugInstances" classname="edu.illinois.keshmesh.detector.tests.lck06j.LCK06JTests.LCK06JTest15" time="1.644"/>
  </testsuite>
  <testsuite name="edu.illinois.keshmesh.detector.tests.lck06j.LCK06JTests.LCK06JTest13" time="10.028">
    <testcase name="testStaticFields" classname="edu.illinois.keshmesh.detector.tests.lck06j.LCK06JTests.LCK06JTest13" time="1.87"/>
    <testcase name="shouldFindAllBugInstances" classname="edu.illinois.keshmesh.detector.tests.lck06j.LCK06JTests.LCK06JTest13" time="2.251"/>
    <testcase name="bugInstancesShouldExist" classname="edu.illinois.keshmesh.detector.tests.lck06j.LCK06JTests.LCK06JTest13" time="2.253">
      <failure>java.lang.AssertionError: 
Expected: a collection containing &lt;LCK06J. Do not use an instance lock to protect shared static data @ /home/mohsen/eclipse-workspaces/junit-workspace/TestProjectLCK06J-13-1319175076312/src/p/A.java / null @ [24--27(0, 0)] : LCK06JFixInformation [unsafeStaticFieldNames=[staticField]]&gt;
     got: &lt;[LCK06J. Do not use an instance lock to protect shared static data @ /home/mohsen/eclipse-workspaces/junit-workspace/TestProjectLCK06J-13-1319175076312/src/p/A.java / p.A @ [24--24(0, 0)] : LCK06JFixInformation [unsafeStaticFieldNames=[p.A.staticField]]]&gt;

	at org.junit.Assert.assertThat(Assert.java:778)
	at org.junit.Assert.assertThat(Assert.java:736)
	at edu.illinois.keshmesh.detector.tests.AbstractTestCase.bugInstanceShouldExist(AbstractTestCase.java:153)
	at edu.illinois.keshmesh.detector.tests.AbstractTestCase.bugInstancesShouldExist(AbstractTestCase.java:108)
	at sun.reflect.NativeMethodAccessorImpl.invoke0(Native Method)
	at sun.reflect.NativeMethodAccessorImpl.invoke(NativeMethodAccessorImpl.java:39)
	at sun.reflect.DelegatingMethodAccessorImpl.invoke(DelegatingMethodAccessorImpl.java:25)
	at java.lang.reflect.Method.invoke(Method.java:597)
	at org.junit.runners.model.FrameworkMethod$1.runReflectiveCall(FrameworkMethod.java:44)
	at org.junit.internal.runners.model.ReflectiveCallable.run(ReflectiveCallable.java:15)
	at org.junit.runners.model.FrameworkMethod.invokeExplosively(FrameworkMethod.java:41)
	at org.junit.internal.runners.statements.InvokeMethod.evaluate(InvokeMethod.java:20)
	at org.junit.internal.runners.statements.RunBefores.evaluate(RunBefores.java:28)
	at org.junit.runners.BlockJUnit4ClassRunner.runChild(BlockJUnit4ClassRunner.java:76)
	at org.junit.runners.BlockJUnit4ClassRunner.runChild(BlockJUnit4ClassRunner.java:50)
	at org.junit.runners.ParentRunner$3.run(ParentRunner.java:193)
	at org.junit.runners.ParentRunner$1.schedule(ParentRunner.java:52)
	at org.junit.runners.ParentRunner.runChildren(ParentRunner.java:191)
	at org.junit.runners.ParentRunner.access$000(ParentRunner.java:42)
	at org.junit.runners.ParentRunner$2.evaluate(ParentRunner.java:184)
	at org.junit.runners.ParentRunner.run(ParentRunner.java:236)
	at org.eclipse.jdt.internal.junit4.runner.JUnit4TestReference.run(JUnit4TestReference.java:49)
	at org.eclipse.jdt.internal.junit.runner.TestExecution.run(TestExecution.java:38)
	at org.eclipse.jdt.internal.junit.runner.RemoteTestRunner.runTests(RemoteTestRunner.java:467)
	at org.eclipse.jdt.internal.junit.runner.RemoteTestRunner.runTests(RemoteTestRunner.java:683)
	at org.eclipse.jdt.internal.junit.runner.RemoteTestRunner.run(RemoteTestRunner.java:390)
	at org.eclipse.pde.internal.junit.runtime.RemotePluginTestRunner.main(RemotePluginTestRunner.java:62)
	at org.eclipse.pde.internal.junit.runtime.UITestApplication$1.run(UITestApplication.java:116)
	at org.eclipse.swt.widgets.RunnableLock.run(RunnableLock.java:35)
	at org.eclipse.swt.widgets.Synchronizer.runAsyncMessages(Synchronizer.java:134)
	at org.eclipse.swt.widgets.Display.runAsyncMessages(Display.java:3527)
	at org.eclipse.swt.widgets.Display.readAndDispatch(Display.java:3174)
	at org.eclipse.ui.internal.Workbench.runEventLoop(Workbench.java:2629)
	at org.eclipse.ui.internal.Workbench.runUI(Workbench.java:2593)
	at org.eclipse.ui.internal.Workbench.access$4(Workbench.java:2427)
	at org.eclipse.ui.internal.Workbench$7.run(Workbench.java:670)
	at org.eclipse.core.databinding.observable.Realm.runWithDefault(Realm.java:332)
	at org.eclipse.ui.internal.Workbench.createAndRunWorkbench(Workbench.java:663)
	at org.eclipse.ui.PlatformUI.createAndRunWorkbench(PlatformUI.java:149)
	at org.eclipse.ui.internal.ide.application.IDEApplication.start(IDEApplication.java:115)
	at org.eclipse.pde.internal.junit.runtime.UITestApplication.start(UITestApplication.java:47)
	at org.eclipse.equinox.internal.app.EclipseAppHandle.run(EclipseAppHandle.java:196)
	at org.eclipse.core.runtime.internal.adaptor.EclipseAppLauncher.runApplication(EclipseAppLauncher.java:110)
	at org.eclipse.core.runtime.internal.adaptor.EclipseAppLauncher.start(EclipseAppLauncher.java:79)
	at org.eclipse.core.runtime.adaptor.EclipseStarter.run(EclipseStarter.java:369)
	at org.eclipse.core.runtime.adaptor.EclipseStarter.run(EclipseStarter.java:179)
	at sun.reflect.NativeMethodAccessorImpl.invoke0(Native Method)
	at sun.reflect.NativeMethodAccessorImpl.invoke(NativeMethodAccessorImpl.java:39)
	at sun.reflect.DelegatingMethodAccessorImpl.invoke(DelegatingMethodAccessorImpl.java:25)
	at java.lang.reflect.Method.invoke(Method.java:597)
	at org.eclipse.equinox.launcher.Main.invokeFramework(Main.java:619)
	at org.eclipse.equinox.launcher.Main.basicRun(Main.java:574)
	at org.eclipse.equinox.launcher.Main.run(Main.java:1407)
	at org.eclipse.equinox.launcher.Main.main(Main.java:1383)

</failure>
    </testcase>
    <testcase name="tryFixExpectedBugInstances" classname="edu.illinois.keshmesh.detector.tests.lck06j.LCK06JTests.LCK06JTest13" time="3.654">
      <failure>java.lang.AssertionError: Could not find bug instance.
	at org.junit.Assert.fail(Assert.java:91)
	at org.junit.Assert.assertTrue(Assert.java:43)
	at org.junit.Assert.assertNotNull(Assert.java:524)
	at edu.illinois.keshmesh.detector.tests.AbstractTestCase.tryFix(AbstractTestCase.java:224)
	at edu.illinois.keshmesh.detector.tests.AbstractTestCase.tryFix(AbstractTestCase.java:241)
	at edu.illinois.keshmesh.detector.tests.AbstractTestCase.tryFixExpectedBugInstances(AbstractTestCase.java:263)
	at sun.reflect.NativeMethodAccessorImpl.invoke0(Native Method)
	at sun.reflect.NativeMethodAccessorImpl.invoke(NativeMethodAccessorImpl.java:39)
	at sun.reflect.DelegatingMethodAccessorImpl.invoke(DelegatingMethodAccessorImpl.java:25)
	at java.lang.reflect.Method.invoke(Method.java:597)
	at org.junit.runners.model.FrameworkMethod$1.runReflectiveCall(FrameworkMethod.java:44)
	at org.junit.internal.runners.model.ReflectiveCallable.run(ReflectiveCallable.java:15)
	at org.junit.runners.model.FrameworkMethod.invokeExplosively(FrameworkMethod.java:41)
	at org.junit.internal.runners.statements.InvokeMethod.evaluate(InvokeMethod.java:20)
	at org.junit.internal.runners.statements.RunBefores.evaluate(RunBefores.java:28)
	at org.junit.runners.BlockJUnit4ClassRunner.runChild(BlockJUnit4ClassRunner.java:76)
	at org.junit.runners.BlockJUnit4ClassRunner.runChild(BlockJUnit4ClassRunner.java:50)
	at org.junit.runners.ParentRunner$3.run(ParentRunner.java:193)
	at org.junit.runners.ParentRunner$1.schedule(ParentRunner.java:52)
	at org.junit.runners.ParentRunner.runChildren(ParentRunner.java:191)
	at org.junit.runners.ParentRunner.access$000(ParentRunner.java:42)
	at org.junit.runners.ParentRunner$2.evaluate(ParentRunner.java:184)
	at org.junit.runners.ParentRunner.run(ParentRunner.java:236)
	at org.eclipse.jdt.internal.junit4.runner.JUnit4TestReference.run(JUnit4TestReference.java:49)
	at org.eclipse.jdt.internal.junit.runner.TestExecution.run(TestExecution.java:38)
	at org.eclipse.jdt.internal.junit.runner.RemoteTestRunner.runTests(RemoteTestRunner.java:467)
	at org.eclipse.jdt.internal.junit.runner.RemoteTestRunner.runTests(RemoteTestRunner.java:683)
	at org.eclipse.jdt.internal.junit.runner.RemoteTestRunner.run(RemoteTestRunner.java:390)
	at org.eclipse.pde.internal.junit.runtime.RemotePluginTestRunner.main(RemotePluginTestRunner.java:62)
	at org.eclipse.pde.internal.junit.runtime.UITestApplication$1.run(UITestApplication.java:116)
	at org.eclipse.swt.widgets.RunnableLock.run(RunnableLock.java:35)
	at org.eclipse.swt.widgets.Synchronizer.runAsyncMessages(Synchronizer.java:134)
	at org.eclipse.swt.widgets.Display.runAsyncMessages(Display.java:3527)
	at org.eclipse.swt.widgets.Display.readAndDispatch(Display.java:3174)
	at org.eclipse.ui.internal.Workbench.runEventLoop(Workbench.java:2629)
	at org.eclipse.ui.internal.Workbench.runUI(Workbench.java:2593)
	at org.eclipse.ui.internal.Workbench.access$4(Workbench.java:2427)
	at org.eclipse.ui.internal.Workbench$7.run(Workbench.java:670)
	at org.eclipse.core.databinding.observable.Realm.runWithDefault(Realm.java:332)
	at org.eclipse.ui.internal.Workbench.createAndRunWorkbench(Workbench.java:663)
	at org.eclipse.ui.PlatformUI.createAndRunWorkbench(PlatformUI.java:149)
	at org.eclipse.ui.internal.ide.application.IDEApplication.start(IDEApplication.java:115)
	at org.eclipse.pde.internal.junit.runtime.UITestApplication.start(UITestApplication.java:47)
	at org.eclipse.equinox.internal.app.EclipseAppHandle.run(EclipseAppHandle.java:196)
	at org.eclipse.core.runtime.internal.adaptor.EclipseAppLauncher.runApplication(EclipseAppLauncher.java:110)
	at org.eclipse.core.runtime.internal.adaptor.EclipseAppLauncher.start(EclipseAppLauncher.java:79)
	at org.eclipse.core.runtime.adaptor.EclipseStarter.run(EclipseStarter.java:369)
	at org.eclipse.core.runtime.adaptor.EclipseStarter.run(EclipseStarter.java:179)
	at sun.reflect.NativeMethodAccessorImpl.invoke0(Native Method)
	at sun.reflect.NativeMethodAccessorImpl.invoke(NativeMethodAccessorImpl.java:39)
	at sun.reflect.DelegatingMethodAccessorImpl.invoke(DelegatingMethodAccessorImpl.java:25)
	at java.lang.reflect.Method.invoke(Method.java:597)
	at org.eclipse.equinox.launcher.Main.invokeFramework(Main.java:619)
	at org.eclipse.equinox.launcher.Main.basicRun(Main.java:574)
	at org.eclipse.equinox.launcher.Main.run(Main.java:1407)
	at org.eclipse.equinox.launcher.Main.main(Main.java:1383)

</failure>
    </testcase>
  </testsuite>
  <testsuite name="edu.illinois.keshmesh.detector.tests.lck06j.LCK06JTests.LCK06JTest10" time="7.235">
    <testcase name="testStaticFields" classname="edu.illinois.keshmesh.detector.tests.lck06j.LCK06JTests.LCK06JTest10" time="1.911"/>
    <testcase name="shouldFindAllBugInstances" classname="edu.illinois.keshmesh.detector.tests.lck06j.LCK06JTests.LCK06JTest10" time="1.632"/>
    <testcase name="bugInstancesShouldExist" classname="edu.illinois.keshmesh.detector.tests.lck06j.LCK06JTests.LCK06JTest10" time="1.699"/>
    <testcase name="tryFixExpectedBugInstances" classname="edu.illinois.keshmesh.detector.tests.lck06j.LCK06JTests.LCK06JTest10" time="1.993"/>
  </testsuite>
  <testsuite name="edu.illinois.keshmesh.detector.tests.lck06j.LCK06JTests.LCK06JTest06" time="11.165">
    <testcase name="testStaticFields" classname="edu.illinois.keshmesh.detector.tests.lck06j.LCK06JTests.LCK06JTest06" time="3.1"/>
    <testcase name="shouldFindAllBugInstances" classname="edu.illinois.keshmesh.detector.tests.lck06j.LCK06JTests.LCK06JTest06" time="2.151"/>
    <testcase name="bugInstancesShouldExist" classname="edu.illinois.keshmesh.detector.tests.lck06j.LCK06JTests.LCK06JTest06" time="1.868"/>
    <testcase name="tryFixExpectedBugInstances" classname="edu.illinois.keshmesh.detector.tests.lck06j.LCK06JTests.LCK06JTest06" time="4.046"/>
  </testsuite>
</testrun>
