<?xml version="1.0" encoding="UTF-8"?>
<testrun name="edu.illinois.keshmesh.detector.tests.lck02j" project="edu.illinois.keshmesh.detector.tests" tests="44" started="44" failures="3" errors="0" ignored="0">
  <testsuite name="edu.illinois.keshmesh.detector.tests.lck02j.LCK02JTestBugInstanceParser" time="0.005">
    <testcase name="shouldParseLCK02J" classname="edu.illinois.keshmesh.detector.tests.lck02j.LCK02JTestBugInstanceParser" time="0.002">
      <failure>
        <expected>[NumberedBugInstance [bugInstance=LCK02J. Do not synchronize on the class object returned by getClass() @ . / null @ [1--2(0, 0)] : LCK02JFixInformation [typeNames=[p.A.class]], number=01]]</expected>
        <actual>[NumberedBugInstance [bugInstance=null @ . / null @ [1--2(0, 0)] : LCK02JFixInformation [typeNames=[p.A.class]], number=01]]</actual>junit.framework.ComparisonFailure: null expected:&lt;...stance [bugInstance=[LCK02J. Do not synchronize on the class object returned by getClass()] @ . / null @ [1--2(...&gt; but was:&lt;...stance [bugInstance=[null] @ . / null @ [1--2(...&gt;
	at junit.framework.Assert.assertEquals(Assert.java:81)
	at junit.framework.Assert.assertEquals(Assert.java:87)
	at edu.illinois.keshmesh.detector.tests.lck02j.LCK02JTestBugInstanceParser.ensureIsFound(LCK02JTestBugInstanceParser.java:56)
	at edu.illinois.keshmesh.detector.tests.lck02j.LCK02JTestBugInstanceParser.shouldParseLCK02J(LCK02JTestBugInstanceParser.java:42)
	at sun.reflect.NativeMethodAccessorImpl.invoke0(Native Method)
	at sun.reflect.NativeMethodAccessorImpl.invoke(NativeMethodAccessorImpl.java:39)
	at sun.reflect.DelegatingMethodAccessorImpl.invoke(DelegatingMethodAccessorImpl.java:25)
	at java.lang.reflect.Method.invoke(Method.java:597)
	at org.junit.runners.model.FrameworkMethod$1.runReflectiveCall(FrameworkMethod.java:44)
	at org.junit.internal.runners.model.ReflectiveCallable.run(ReflectiveCallable.java:15)
	at org.junit.runners.model.FrameworkMethod.invokeExplosively(FrameworkMethod.java:41)
	at org.junit.internal.runners.statements.InvokeMethod.evaluate(InvokeMethod.java:20)
	at org.junit.internal.runners.statements.RunBefores.evaluate(RunBefores.java:28)
	at org.junit.runners.BlockJUnit4ClassRunner.runChild(BlockJUnit4ClassRunner.java:76)
	at org.junit.runners.BlockJUnit4ClassRunner.runChild(BlockJUnit4ClassRunner.java:50)
	at org.junit.runners.ParentRunner$3.run(ParentRunner.java:193)
	at org.junit.runners.ParentRunner$1.schedule(ParentRunner.java:52)
	at org.junit.runners.ParentRunner.runChildren(ParentRunner.java:191)
	at org.junit.runners.ParentRunner.access$000(ParentRunner.java:42)
	at org.junit.runners.ParentRunner$2.evaluate(ParentRunner.java:184)
	at org.junit.runners.ParentRunner.run(ParentRunner.java:236)
	at org.eclipse.jdt.internal.junit4.runner.JUnit4TestReference.run(JUnit4TestReference.java:49)
	at org.eclipse.jdt.internal.junit.runner.TestExecution.run(TestExecution.java:38)
	at org.eclipse.jdt.internal.junit.runner.RemoteTestRunner.runTests(RemoteTestRunner.java:467)
	at org.eclipse.jdt.internal.junit.runner.RemoteTestRunner.runTests(RemoteTestRunner.java:683)
	at org.eclipse.jdt.internal.junit.runner.RemoteTestRunner.run(RemoteTestRunner.java:390)
	at org.eclipse.pde.internal.junit.runtime.RemotePluginTestRunner.main(RemotePluginTestRunner.java:62)
	at org.eclipse.pde.internal.junit.runtime.UITestApplication$1.run(UITestApplication.java:116)
	at org.eclipse.swt.widgets.RunnableLock.run(RunnableLock.java:35)
	at org.eclipse.swt.widgets.Synchronizer.runAsyncMessages(Synchronizer.java:134)
	at org.eclipse.swt.widgets.Display.runAsyncMessages(Display.java:3515)
	at org.eclipse.swt.widgets.Display.readAndDispatch(Display.java:3164)
	at org.eclipse.ui.internal.Workbench.runEventLoop(Workbench.java:2640)
	at org.eclipse.ui.internal.Workbench.runUI(Workbench.java:2604)
	at org.eclipse.ui.internal.Workbench.access$4(Workbench.java:2438)
	at org.eclipse.ui.internal.Workbench$7.run(Workbench.java:671)
	at org.eclipse.core.databinding.observable.Realm.runWithDefault(Realm.java:332)
	at org.eclipse.ui.internal.Workbench.createAndRunWorkbench(Workbench.java:664)
	at org.eclipse.ui.PlatformUI.createAndRunWorkbench(PlatformUI.java:149)
	at org.eclipse.ui.internal.ide.application.IDEApplication.start(IDEApplication.java:115)
	at org.eclipse.pde.internal.junit.runtime.UITestApplication.start(UITestApplication.java:47)
	at org.eclipse.equinox.internal.app.EclipseAppHandle.run(EclipseAppHandle.java:196)
	at org.eclipse.core.runtime.internal.adaptor.EclipseAppLauncher.runApplication(EclipseAppLauncher.java:110)
	at org.eclipse.core.runtime.internal.adaptor.EclipseAppLauncher.start(EclipseAppLauncher.java:79)
	at org.eclipse.core.runtime.adaptor.EclipseStarter.run(EclipseStarter.java:369)
	at org.eclipse.core.runtime.adaptor.EclipseStarter.run(EclipseStarter.java:179)
	at sun.reflect.NativeMethodAccessorImpl.invoke0(Native Method)
	at sun.reflect.NativeMethodAccessorImpl.invoke(NativeMethodAccessorImpl.java:39)
	at sun.reflect.DelegatingMethodAccessorImpl.invoke(DelegatingMethodAccessorImpl.java:25)
	at java.lang.reflect.Method.invoke(Method.java:597)
	at org.eclipse.equinox.launcher.Main.invokeFramework(Main.java:619)
	at org.eclipse.equinox.launcher.Main.basicRun(Main.java:574)
	at org.eclipse.equinox.launcher.Main.run(Main.java:1407)
	at org.eclipse.equinox.launcher.Main.main(Main.java:1383)

</failure>
    </testcase>
    <testcase name="shouldParseWithSpaces" classname="edu.illinois.keshmesh.detector.tests.lck02j.LCK02JTestBugInstanceParser" time="0.002">
      <failure>
        <expected>[NumberedBugInstance [bugInstance=LCK02J. Do not synchronize on the class object returned by getClass() @ . / null @ [1--2(0, 0)] : LCK02JFixInformation [typeNames=[p.A.class]], number=01]]</expected>
        <actual>[NumberedBugInstance [bugInstance=null @ . / null @ [1--2(0, 0)] : LCK02JFixInformation [typeNames=[p.A.class]], number=01]]</actual>junit.framework.ComparisonFailure: null expected:&lt;...stance [bugInstance=[LCK02J. Do not synchronize on the class object returned by getClass()] @ . / null @ [1--2(...&gt; but was:&lt;...stance [bugInstance=[null] @ . / null @ [1--2(...&gt;
	at junit.framework.Assert.assertEquals(Assert.java:81)
	at junit.framework.Assert.assertEquals(Assert.java:87)
	at edu.illinois.keshmesh.detector.tests.lck02j.LCK02JTestBugInstanceParser.ensureIsFound(LCK02JTestBugInstanceParser.java:56)
	at edu.illinois.keshmesh.detector.tests.lck02j.LCK02JTestBugInstanceParser.shouldParseWithSpaces(LCK02JTestBugInstanceParser.java:47)
	at sun.reflect.NativeMethodAccessorImpl.invoke0(Native Method)
	at sun.reflect.NativeMethodAccessorImpl.invoke(NativeMethodAccessorImpl.java:39)
	at sun.reflect.DelegatingMethodAccessorImpl.invoke(DelegatingMethodAccessorImpl.java:25)
	at java.lang.reflect.Method.invoke(Method.java:597)
	at org.junit.runners.model.FrameworkMethod$1.runReflectiveCall(FrameworkMethod.java:44)
	at org.junit.internal.runners.model.ReflectiveCallable.run(ReflectiveCallable.java:15)
	at org.junit.runners.model.FrameworkMethod.invokeExplosively(FrameworkMethod.java:41)
	at org.junit.internal.runners.statements.InvokeMethod.evaluate(InvokeMethod.java:20)
	at org.junit.internal.runners.statements.RunBefores.evaluate(RunBefores.java:28)
	at org.junit.runners.BlockJUnit4ClassRunner.runChild(BlockJUnit4ClassRunner.java:76)
	at org.junit.runners.BlockJUnit4ClassRunner.runChild(BlockJUnit4ClassRunner.java:50)
	at org.junit.runners.ParentRunner$3.run(ParentRunner.java:193)
	at org.junit.runners.ParentRunner$1.schedule(ParentRunner.java:52)
	at org.junit.runners.ParentRunner.runChildren(ParentRunner.java:191)
	at org.junit.runners.ParentRunner.access$000(ParentRunner.java:42)
	at org.junit.runners.ParentRunner$2.evaluate(ParentRunner.java:184)
	at org.junit.runners.ParentRunner.run(ParentRunner.java:236)
	at org.eclipse.jdt.internal.junit4.runner.JUnit4TestReference.run(JUnit4TestReference.java:49)
	at org.eclipse.jdt.internal.junit.runner.TestExecution.run(TestExecution.java:38)
	at org.eclipse.jdt.internal.junit.runner.RemoteTestRunner.runTests(RemoteTestRunner.java:467)
	at org.eclipse.jdt.internal.junit.runner.RemoteTestRunner.runTests(RemoteTestRunner.java:683)
	at org.eclipse.jdt.internal.junit.runner.RemoteTestRunner.run(RemoteTestRunner.java:390)
	at org.eclipse.pde.internal.junit.runtime.RemotePluginTestRunner.main(RemotePluginTestRunner.java:62)
	at org.eclipse.pde.internal.junit.runtime.UITestApplication$1.run(UITestApplication.java:116)
	at org.eclipse.swt.widgets.RunnableLock.run(RunnableLock.java:35)
	at org.eclipse.swt.widgets.Synchronizer.runAsyncMessages(Synchronizer.java:134)
	at org.eclipse.swt.widgets.Display.runAsyncMessages(Display.java:3515)
	at org.eclipse.swt.widgets.Display.readAndDispatch(Display.java:3164)
	at org.eclipse.ui.internal.Workbench.runEventLoop(Workbench.java:2640)
	at org.eclipse.ui.internal.Workbench.runUI(Workbench.java:2604)
	at org.eclipse.ui.internal.Workbench.access$4(Workbench.java:2438)
	at org.eclipse.ui.internal.Workbench$7.run(Workbench.java:671)
	at org.eclipse.core.databinding.observable.Realm.runWithDefault(Realm.java:332)
	at org.eclipse.ui.internal.Workbench.createAndRunWorkbench(Workbench.java:664)
	at org.eclipse.ui.PlatformUI.createAndRunWorkbench(PlatformUI.java:149)
	at org.eclipse.ui.internal.ide.application.IDEApplication.start(IDEApplication.java:115)
	at org.eclipse.pde.internal.junit.runtime.UITestApplication.start(UITestApplication.java:47)
	at org.eclipse.equinox.internal.app.EclipseAppHandle.run(EclipseAppHandle.java:196)
	at org.eclipse.core.runtime.internal.adaptor.EclipseAppLauncher.runApplication(EclipseAppLauncher.java:110)
	at org.eclipse.core.runtime.internal.adaptor.EclipseAppLauncher.start(EclipseAppLauncher.java:79)
	at org.eclipse.core.runtime.adaptor.EclipseStarter.run(EclipseStarter.java:369)
	at org.eclipse.core.runtime.adaptor.EclipseStarter.run(EclipseStarter.java:179)
	at sun.reflect.NativeMethodAccessorImpl.invoke0(Native Method)
	at sun.reflect.NativeMethodAccessorImpl.invoke(NativeMethodAccessorImpl.java:39)
	at sun.reflect.DelegatingMethodAccessorImpl.invoke(DelegatingMethodAccessorImpl.java:25)
	at java.lang.reflect.Method.invoke(Method.java:597)
	at org.eclipse.equinox.launcher.Main.invokeFramework(Main.java:619)
	at org.eclipse.equinox.launcher.Main.basicRun(Main.java:574)
	at org.eclipse.equinox.launcher.Main.run(Main.java:1407)
	at org.eclipse.equinox.launcher.Main.main(Main.java:1383)

</failure>
    </testcase>
  </testsuite>
  <testsuite name="edu.illinois.keshmesh.detector.tests.lck02j.LCK02JTests.LCK02JTest05" time="14.494">
    <testcase name="shouldFindAllBugInstances" classname="edu.illinois.keshmesh.detector.tests.lck02j.LCK02JTests.LCK02JTest05" time="9.757"/>
    <testcase name="bugInstancesShouldExist" classname="edu.illinois.keshmesh.detector.tests.lck02j.LCK02JTests.LCK02JTest05" time="1.642"/>
    <testcase name="tryFixExpectedBugInstances" classname="edu.illinois.keshmesh.detector.tests.lck02j.LCK02JTests.LCK02JTest05" time="3.09"/>
  </testsuite>
  <testsuite name="edu.illinois.keshmesh.detector.tests.lck02j.LCK02JTests.LCK02JTest03" time="6.496">
    <testcase name="shouldFindAllBugInstances" classname="edu.illinois.keshmesh.detector.tests.lck02j.LCK02JTests.LCK02JTest03" time="1.834"/>
    <testcase name="bugInstancesShouldExist" classname="edu.illinois.keshmesh.detector.tests.lck02j.LCK02JTests.LCK02JTest03" time="1.18"/>
    <testcase name="tryFixExpectedBugInstances" classname="edu.illinois.keshmesh.detector.tests.lck02j.LCK02JTests.LCK02JTest03" time="3.479"/>
  </testsuite>
  <testsuite name="edu.illinois.keshmesh.detector.tests.lck02j.LCK02JTests.LCK02JTest07" time="10.59">
    <testcase name="shouldFindAllBugInstances" classname="edu.illinois.keshmesh.detector.tests.lck02j.LCK02JTests.LCK02JTest07" time="1.379"/>
    <testcase name="bugInstancesShouldExist" classname="edu.illinois.keshmesh.detector.tests.lck02j.LCK02JTests.LCK02JTest07" time="1.3"/>
    <testcase name="tryFixExpectedBugInstances" classname="edu.illinois.keshmesh.detector.tests.lck02j.LCK02JTests.LCK02JTest07" time="7.907"/>
  </testsuite>
  <testsuite name="edu.illinois.keshmesh.detector.tests.lck02j.LCK02JTests.LCK02JTest13" time="3.904">
    <testcase name="shouldFindAllBugInstances" classname="edu.illinois.keshmesh.detector.tests.lck02j.LCK02JTests.LCK02JTest13" time="1.205"/>
    <testcase name="bugInstancesShouldExist" classname="edu.illinois.keshmesh.detector.tests.lck02j.LCK02JTests.LCK02JTest13" time="1.216"/>
    <testcase name="tryFixExpectedBugInstances" classname="edu.illinois.keshmesh.detector.tests.lck02j.LCK02JTests.LCK02JTest13" time="1.48"/>
  </testsuite>
  <testsuite name="edu.illinois.keshmesh.detector.tests.lck02j.LCK02JTests.LCK02JTest11" time="6.906">
    <testcase name="shouldFindAllBugInstances" classname="edu.illinois.keshmesh.detector.tests.lck02j.LCK02JTests.LCK02JTest11" time="2.037"/>
    <testcase name="bugInstancesShouldExist" classname="edu.illinois.keshmesh.detector.tests.lck02j.LCK02JTests.LCK02JTest11" time="1.636"/>
    <testcase name="tryFixExpectedBugInstances" classname="edu.illinois.keshmesh.detector.tests.lck02j.LCK02JTests.LCK02JTest11" time="3.225"/>
  </testsuite>
  <testsuite name="edu.illinois.keshmesh.detector.tests.lck02j.LCK02JTests.LCK02JTest01" time="7.787">
    <testcase name="shouldFindAllBugInstances" classname="edu.illinois.keshmesh.detector.tests.lck02j.LCK02JTests.LCK02JTest01" time="2.57"/>
    <testcase name="bugInstancesShouldExist" classname="edu.illinois.keshmesh.detector.tests.lck02j.LCK02JTests.LCK02JTest01" time="1.636"/>
    <testcase name="tryFixExpectedBugInstances" classname="edu.illinois.keshmesh.detector.tests.lck02j.LCK02JTests.LCK02JTest01" time="3.577"/>
  </testsuite>
  <testsuite name="edu.illinois.keshmesh.detector.tests.lck02j.LCK02JTests.LCK02JTest06" time="9.533">
    <testcase name="shouldFindAllBugInstances" classname="edu.illinois.keshmesh.detector.tests.lck02j.LCK02JTests.LCK02JTest06" time="2.335"/>
    <testcase name="bugInstancesShouldExist" classname="edu.illinois.keshmesh.detector.tests.lck02j.LCK02JTests.LCK02JTest06" time="1.827"/>
    <testcase name="tryFixExpectedBugInstances" classname="edu.illinois.keshmesh.detector.tests.lck02j.LCK02JTests.LCK02JTest06" time="5.367"/>
  </testsuite>
  <testsuite name="edu.illinois.keshmesh.detector.tests.lck02j.LCK02JTests.LCK02JTest04" time="15.636">
    <testcase name="shouldFindAllBugInstances" classname="edu.illinois.keshmesh.detector.tests.lck02j.LCK02JTests.LCK02JTest04" time="4.55"/>
    <testcase name="bugInstancesShouldExist" classname="edu.illinois.keshmesh.detector.tests.lck02j.LCK02JTests.LCK02JTest04" time="3.463"/>
    <testcase name="tryFixExpectedBugInstances" classname="edu.illinois.keshmesh.detector.tests.lck02j.LCK02JTests.LCK02JTest04" time="7.618"/>
  </testsuite>
  <testsuite name="edu.illinois.keshmesh.detector.tests.lck02j.LCK02JTests.LCK02JTest08" time="15.075">
    <testcase name="shouldFindAllBugInstances" classname="edu.illinois.keshmesh.detector.tests.lck02j.LCK02JTests.LCK02JTest08" time="1.841"/>
    <testcase name="bugInstancesShouldExist" classname="edu.illinois.keshmesh.detector.tests.lck02j.LCK02JTests.LCK02JTest08" time="1.931"/>
    <testcase name="tryFixExpectedBugInstances" classname="edu.illinois.keshmesh.detector.tests.lck02j.LCK02JTests.LCK02JTest08" time="11.298"/>
  </testsuite>
  <testsuite name="edu.illinois.keshmesh.detector.tests.lck02j.LCK02JTests.LCK02JTest12" time="11.238">
    <testcase name="shouldFindAllBugInstances" classname="edu.illinois.keshmesh.detector.tests.lck02j.LCK02JTests.LCK02JTest12" time="2.004"/>
    <testcase name="bugInstancesShouldExist" classname="edu.illinois.keshmesh.detector.tests.lck02j.LCK02JTests.LCK02JTest12" time="2.094"/>
    <testcase name="tryFixExpectedBugInstances" classname="edu.illinois.keshmesh.detector.tests.lck02j.LCK02JTests.LCK02JTest12" time="7.136"/>
  </testsuite>
  <testsuite name="edu.illinois.keshmesh.detector.tests.lck02j.LCK02JTests.LCK02JTest14" time="6.017">
    <testcase name="shouldFindAllBugInstances" classname="edu.illinois.keshmesh.detector.tests.lck02j.LCK02JTests.LCK02JTest14" time="1.955">
      <failure>java.lang.AssertionError: expected:&lt;0&gt; but was:&lt;1&gt;
	at org.junit.Assert.fail(Assert.java:91)
	at org.junit.Assert.failNotEquals(Assert.java:645)
	at org.junit.Assert.assertEquals(Assert.java:126)
	at org.junit.Assert.assertEquals(Assert.java:470)
	at org.junit.Assert.assertEquals(Assert.java:454)
	at edu.illinois.keshmesh.detector.tests.AbstractTestCase.shouldFindAllBugInstances(AbstractTestCase.java:102)
	at sun.reflect.NativeMethodAccessorImpl.invoke0(Native Method)
	at sun.reflect.NativeMethodAccessorImpl.invoke(NativeMethodAccessorImpl.java:39)
	at sun.reflect.DelegatingMethodAccessorImpl.invoke(DelegatingMethodAccessorImpl.java:25)
	at java.lang.reflect.Method.invoke(Method.java:597)
	at org.junit.runners.model.FrameworkMethod$1.runReflectiveCall(FrameworkMethod.java:44)
	at org.junit.internal.runners.model.ReflectiveCallable.run(ReflectiveCallable.java:15)
	at org.junit.runners.model.FrameworkMethod.invokeExplosively(FrameworkMethod.java:41)
	at org.junit.internal.runners.statements.InvokeMethod.evaluate(InvokeMethod.java:20)
	at org.junit.internal.runners.statements.RunBefores.evaluate(RunBefores.java:28)
	at org.junit.runners.BlockJUnit4ClassRunner.runChild(BlockJUnit4ClassRunner.java:76)
	at org.junit.runners.BlockJUnit4ClassRunner.runChild(BlockJUnit4ClassRunner.java:50)
	at org.junit.runners.ParentRunner$3.run(ParentRunner.java:193)
	at org.junit.runners.ParentRunner$1.schedule(ParentRunner.java:52)
	at org.junit.runners.ParentRunner.runChildren(ParentRunner.java:191)
	at org.junit.runners.ParentRunner.access$000(ParentRunner.java:42)
	at org.junit.runners.ParentRunner$2.evaluate(ParentRunner.java:184)
	at org.junit.runners.ParentRunner.run(ParentRunner.java:236)
	at org.eclipse.jdt.internal.junit4.runner.JUnit4TestReference.run(JUnit4TestReference.java:49)
	at org.eclipse.jdt.internal.junit.runner.TestExecution.run(TestExecution.java:38)
	at org.eclipse.jdt.internal.junit.runner.RemoteTestRunner.runTests(RemoteTestRunner.java:467)
	at org.eclipse.jdt.internal.junit.runner.RemoteTestRunner.runTests(RemoteTestRunner.java:683)
	at org.eclipse.jdt.internal.junit.runner.RemoteTestRunner.run(RemoteTestRunner.java:390)
	at org.eclipse.pde.internal.junit.runtime.RemotePluginTestRunner.main(RemotePluginTestRunner.java:62)
	at org.eclipse.pde.internal.junit.runtime.UITestApplication$1.run(UITestApplication.java:116)
	at org.eclipse.swt.widgets.RunnableLock.run(RunnableLock.java:35)
	at org.eclipse.swt.widgets.Synchronizer.runAsyncMessages(Synchronizer.java:134)
	at org.eclipse.swt.widgets.Display.runAsyncMessages(Display.java:3515)
	at org.eclipse.swt.widgets.Display.readAndDispatch(Display.java:3164)
	at org.eclipse.ui.internal.Workbench.runEventLoop(Workbench.java:2640)
	at org.eclipse.ui.internal.Workbench.runUI(Workbench.java:2604)
	at org.eclipse.ui.internal.Workbench.access$4(Workbench.java:2438)
	at org.eclipse.ui.internal.Workbench$7.run(Workbench.java:671)
	at org.eclipse.core.databinding.observable.Realm.runWithDefault(Realm.java:332)
	at org.eclipse.ui.internal.Workbench.createAndRunWorkbench(Workbench.java:664)
	at org.eclipse.ui.PlatformUI.createAndRunWorkbench(PlatformUI.java:149)
	at org.eclipse.ui.internal.ide.application.IDEApplication.start(IDEApplication.java:115)
	at org.eclipse.pde.internal.junit.runtime.UITestApplication.start(UITestApplication.java:47)
	at org.eclipse.equinox.internal.app.EclipseAppHandle.run(EclipseAppHandle.java:196)
	at org.eclipse.core.runtime.internal.adaptor.EclipseAppLauncher.runApplication(EclipseAppLauncher.java:110)
	at org.eclipse.core.runtime.internal.adaptor.EclipseAppLauncher.start(EclipseAppLauncher.java:79)
	at org.eclipse.core.runtime.adaptor.EclipseStarter.run(EclipseStarter.java:369)
	at org.eclipse.core.runtime.adaptor.EclipseStarter.run(EclipseStarter.java:179)
	at sun.reflect.NativeMethodAccessorImpl.invoke0(Native Method)
	at sun.reflect.NativeMethodAccessorImpl.invoke(NativeMethodAccessorImpl.java:39)
	at sun.reflect.DelegatingMethodAccessorImpl.invoke(DelegatingMethodAccessorImpl.java:25)
	at java.lang.reflect.Method.invoke(Method.java:597)
	at org.eclipse.equinox.launcher.Main.invokeFramework(Main.java:619)
	at org.eclipse.equinox.launcher.Main.basicRun(Main.java:574)
	at org.eclipse.equinox.launcher.Main.run(Main.java:1407)
	at org.eclipse.equinox.launcher.Main.main(Main.java:1383)

</failure>
    </testcase>
    <testcase name="bugInstancesShouldExist" classname="edu.illinois.keshmesh.detector.tests.lck02j.LCK02JTests.LCK02JTest14" time="1.981"/>
    <testcase name="tryFixExpectedBugInstances" classname="edu.illinois.keshmesh.detector.tests.lck02j.LCK02JTests.LCK02JTest14" time="2.077"/>
  </testsuite>
  <testsuite name="edu.illinois.keshmesh.detector.tests.lck02j.LCK02JTests.LCK02JTest10" time="9.416">
    <testcase name="shouldFindAllBugInstances" classname="edu.illinois.keshmesh.detector.tests.lck02j.LCK02JTests.LCK02JTest10" time="2.164"/>
    <testcase name="bugInstancesShouldExist" classname="edu.illinois.keshmesh.detector.tests.lck02j.LCK02JTests.LCK02JTest10" time="2.759"/>
    <testcase name="tryFixExpectedBugInstances" classname="edu.illinois.keshmesh.detector.tests.lck02j.LCK02JTests.LCK02JTest10" time="4.49"/>
  </testsuite>
  <testsuite name="edu.illinois.keshmesh.detector.tests.lck02j.LCK02JTests.LCK02JTest09" time="13.182">
    <testcase name="shouldFindAllBugInstances" classname="edu.illinois.keshmesh.detector.tests.lck02j.LCK02JTests.LCK02JTest09" time="2.187"/>
    <testcase name="bugInstancesShouldExist" classname="edu.illinois.keshmesh.detector.tests.lck02j.LCK02JTests.LCK02JTest09" time="2.942"/>
    <testcase name="tryFixExpectedBugInstances" classname="edu.illinois.keshmesh.detector.tests.lck02j.LCK02JTests.LCK02JTest09" time="8.049"/>
  </testsuite>
  <testsuite name="edu.illinois.keshmesh.detector.tests.lck02j.LCK02JTests.LCK02JTest02" time="9.605">
    <testcase name="shouldFindAllBugInstances" classname="edu.illinois.keshmesh.detector.tests.lck02j.LCK02JTests.LCK02JTest02" time="2.385"/>
    <testcase name="bugInstancesShouldExist" classname="edu.illinois.keshmesh.detector.tests.lck02j.LCK02JTests.LCK02JTest02" time="2.461"/>
    <testcase name="tryFixExpectedBugInstances" classname="edu.illinois.keshmesh.detector.tests.lck02j.LCK02JTests.LCK02JTest02" time="4.756"/>
  </testsuite>
</testrun>
