<?xml version="1.0" encoding="UTF-8"?>
<testrun name="edu.illinois.keshmesh.detector.tests.vna00j" project="edu.illinois.keshmesh.detector.tests" tests="55" started="55" failures="0" errors="5" ignored="0">
  <testsuite name="edu.illinois.keshmesh.detector.tests.vna00j.VNA00JTests.VNA00JTest07" time="15.147">
    <testcase name="testThreadSafeClasses" classname="edu.illinois.keshmesh.detector.tests.vna00j.VNA00JTests.VNA00JTest07" time="9.042"/>
    <testcase name="testUnprotectedInstructionsThatMayAccessUnsafelySharedFields" classname="edu.illinois.keshmesh.detector.tests.vna00j.VNA00JTests.VNA00JTest07" time="1.698"/>
    <testcase name="shouldFindAllBugInstances" classname="edu.illinois.keshmesh.detector.tests.vna00j.VNA00JTests.VNA00JTest07" time="0.928"/>
    <testcase name="bugInstancesShouldExist" classname="edu.illinois.keshmesh.detector.tests.vna00j.VNA00JTests.VNA00JTest07" time="1.007"/>
    <testcase name="tryFixExpectedBugInstances" classname="edu.illinois.keshmesh.detector.tests.vna00j.VNA00JTests.VNA00JTest07" time="2.465"/>
  </testsuite>
  <testsuite name="edu.illinois.keshmesh.detector.tests.vna00j.VNA00JTests.VNA00JTest08" time="5.282">
    <testcase name="testThreadSafeClasses" classname="edu.illinois.keshmesh.detector.tests.vna00j.VNA00JTests.VNA00JTest08" time="0.91"/>
    <testcase name="testUnprotectedInstructionsThatMayAccessUnsafelySharedFields" classname="edu.illinois.keshmesh.detector.tests.vna00j.VNA00JTests.VNA00JTest08" time="1.474"/>
    <testcase name="shouldFindAllBugInstances" classname="edu.illinois.keshmesh.detector.tests.vna00j.VNA00JTests.VNA00JTest08" time="0.849"/>
    <testcase name="bugInstancesShouldExist" classname="edu.illinois.keshmesh.detector.tests.vna00j.VNA00JTests.VNA00JTest08" time="0.973"/>
    <testcase name="tryFixExpectedBugInstances" classname="edu.illinois.keshmesh.detector.tests.vna00j.VNA00JTests.VNA00JTest08" time="1.068"/>
  </testsuite>
  <testsuite name="edu.illinois.keshmesh.detector.tests.vna00j.VNA00JTests.VNA00JTest04" time="15.153">
    <testcase name="testThreadSafeClasses" classname="edu.illinois.keshmesh.detector.tests.vna00j.VNA00JTests.VNA00JTest04" time="1.558"/>
    <testcase name="testUnprotectedInstructionsThatMayAccessUnsafelySharedFields" classname="edu.illinois.keshmesh.detector.tests.vna00j.VNA00JTests.VNA00JTest04" time="1.995"/>
    <testcase name="shouldFindAllBugInstances" classname="edu.illinois.keshmesh.detector.tests.vna00j.VNA00JTests.VNA00JTest04" time="1.335"/>
    <testcase name="bugInstancesShouldExist" classname="edu.illinois.keshmesh.detector.tests.vna00j.VNA00JTests.VNA00JTest04" time="1.395"/>
    <testcase name="tryFixExpectedBugInstances" classname="edu.illinois.keshmesh.detector.tests.vna00j.VNA00JTests.VNA00JTest04" time="8.86"/>
  </testsuite>
  <testsuite name="edu.illinois.keshmesh.detector.tests.vna00j.VNA00JTests.VNA00JTest03" time="8.938">
    <testcase name="testThreadSafeClasses" classname="edu.illinois.keshmesh.detector.tests.vna00j.VNA00JTests.VNA00JTest03" time="1.956"/>
    <testcase name="testUnprotectedInstructionsThatMayAccessUnsafelySharedFields" classname="edu.illinois.keshmesh.detector.tests.vna00j.VNA00JTests.VNA00JTest03" time="1.206"/>
    <testcase name="shouldFindAllBugInstances" classname="edu.illinois.keshmesh.detector.tests.vna00j.VNA00JTests.VNA00JTest03" time="1.287"/>
    <testcase name="bugInstancesShouldExist" classname="edu.illinois.keshmesh.detector.tests.vna00j.VNA00JTests.VNA00JTest03" time="1.292"/>
    <testcase name="tryFixExpectedBugInstances" classname="edu.illinois.keshmesh.detector.tests.vna00j.VNA00JTests.VNA00JTest03" time="3.189"/>
  </testsuite>
  <testsuite name="edu.illinois.keshmesh.detector.tests.vna00j.VNA00JTests.VNA00JTest09" time="15.948">
    <testcase name="testThreadSafeClasses" classname="edu.illinois.keshmesh.detector.tests.vna00j.VNA00JTests.VNA00JTest09" time="1.767"/>
    <testcase name="testUnprotectedInstructionsThatMayAccessUnsafelySharedFields" classname="edu.illinois.keshmesh.detector.tests.vna00j.VNA00JTests.VNA00JTest09" time="1.794"/>
    <testcase name="shouldFindAllBugInstances" classname="edu.illinois.keshmesh.detector.tests.vna00j.VNA00JTests.VNA00JTest09" time="1.796"/>
    <testcase name="bugInstancesShouldExist" classname="edu.illinois.keshmesh.detector.tests.vna00j.VNA00JTests.VNA00JTest09" time="4.533"/>
    <testcase name="tryFixExpectedBugInstances" classname="edu.illinois.keshmesh.detector.tests.vna00j.VNA00JTests.VNA00JTest09" time="6.042"/>
  </testsuite>
  <testsuite name="edu.illinois.keshmesh.detector.tests.vna00j.VNA00JTests.VNA00JTest02" time="10.249">
    <testcase name="testThreadSafeClasses" classname="edu.illinois.keshmesh.detector.tests.vna00j.VNA00JTests.VNA00JTest02" time="1.711"/>
    <testcase name="testUnprotectedInstructionsThatMayAccessUnsafelySharedFields" classname="edu.illinois.keshmesh.detector.tests.vna00j.VNA00JTests.VNA00JTest02" time="2.064"/>
    <testcase name="shouldFindAllBugInstances" classname="edu.illinois.keshmesh.detector.tests.vna00j.VNA00JTests.VNA00JTest02" time="2.418"/>
    <testcase name="bugInstancesShouldExist" classname="edu.illinois.keshmesh.detector.tests.vna00j.VNA00JTests.VNA00JTest02" time="2.016"/>
    <testcase name="tryFixExpectedBugInstances" classname="edu.illinois.keshmesh.detector.tests.vna00j.VNA00JTests.VNA00JTest02" time="2.033"/>
  </testsuite>
  <testsuite name="edu.illinois.keshmesh.detector.tests.vna00j.VNA00JTests.VNA00JTest01" time="14.425">
    <testcase name="testThreadSafeClasses" classname="edu.illinois.keshmesh.detector.tests.vna00j.VNA00JTests.VNA00JTest01" time="1.63"/>
    <testcase name="testUnprotectedInstructionsThatMayAccessUnsafelySharedFields" classname="edu.illinois.keshmesh.detector.tests.vna00j.VNA00JTests.VNA00JTest01" time="1.708"/>
    <testcase name="shouldFindAllBugInstances" classname="edu.illinois.keshmesh.detector.tests.vna00j.VNA00JTests.VNA00JTest01" time="1.726"/>
    <testcase name="bugInstancesShouldExist" classname="edu.illinois.keshmesh.detector.tests.vna00j.VNA00JTests.VNA00JTest01" time="2.256"/>
    <testcase name="tryFixExpectedBugInstances" classname="edu.illinois.keshmesh.detector.tests.vna00j.VNA00JTests.VNA00JTest01" time="7.096"/>
  </testsuite>
  <testsuite name="edu.illinois.keshmesh.detector.tests.vna00j.VNA00JTests.VNA00JTest11" time="9.465">
    <testcase name="testThreadSafeClasses" classname="edu.illinois.keshmesh.detector.tests.vna00j.VNA00JTests.VNA00JTest11" time="1.809">
      <error>java.lang.NullPointerException
	at edu.illinois.keshmesh.detector.util.AnalysisUtils.getPosition(AnalysisUtils.java:188)
	at edu.illinois.keshmesh.detector.InstructionInfo.getPosition(InstructionInfo.java:44)
	at edu.illinois.keshmesh.detector.VNA00JBugDetector.createBugInstances(VNA00JBugDetector.java:481)
	at edu.illinois.keshmesh.detector.VNA00JBugDetector.performAnalysis(VNA00JBugDetector.java:94)
	at edu.illinois.keshmesh.detector.Main.initAndPerformAnalysis(Main.java:42)
	at edu.illinois.keshmesh.detector.tests.AbstractTestCase.findBugs(AbstractTestCase.java:216)
	at edu.illinois.keshmesh.detector.tests.AbstractTestCase.setupProjectAndAnalyze(AbstractTestCase.java:172)
	at edu.illinois.keshmesh.detector.tests.vna00j.VNA00JTests$VNA00JTest11.setup(VNA00JTests.java:165)
	at sun.reflect.NativeMethodAccessorImpl.invoke0(Native Method)
	at sun.reflect.NativeMethodAccessorImpl.invoke(NativeMethodAccessorImpl.java:39)
	at sun.reflect.DelegatingMethodAccessorImpl.invoke(DelegatingMethodAccessorImpl.java:25)
	at java.lang.reflect.Method.invoke(Method.java:597)
	at org.junit.runners.model.FrameworkMethod$1.runReflectiveCall(FrameworkMethod.java:44)
	at org.junit.internal.runners.model.ReflectiveCallable.run(ReflectiveCallable.java:15)
	at org.junit.runners.model.FrameworkMethod.invokeExplosively(FrameworkMethod.java:41)
	at org.junit.internal.runners.statements.RunBefores.evaluate(RunBefores.java:27)
	at org.junit.runners.BlockJUnit4ClassRunner.runChild(BlockJUnit4ClassRunner.java:76)
	at org.junit.runners.BlockJUnit4ClassRunner.runChild(BlockJUnit4ClassRunner.java:50)
	at org.junit.runners.ParentRunner$3.run(ParentRunner.java:193)
	at org.junit.runners.ParentRunner$1.schedule(ParentRunner.java:52)
	at org.junit.runners.ParentRunner.runChildren(ParentRunner.java:191)
	at org.junit.runners.ParentRunner.access$000(ParentRunner.java:42)
	at org.junit.runners.ParentRunner$2.evaluate(ParentRunner.java:184)
	at org.junit.runners.ParentRunner.run(ParentRunner.java:236)
	at org.eclipse.jdt.internal.junit4.runner.JUnit4TestReference.run(JUnit4TestReference.java:49)
	at org.eclipse.jdt.internal.junit.runner.TestExecution.run(TestExecution.java:38)
	at org.eclipse.jdt.internal.junit.runner.RemoteTestRunner.runTests(RemoteTestRunner.java:467)
	at org.eclipse.jdt.internal.junit.runner.RemoteTestRunner.runTests(RemoteTestRunner.java:683)
	at org.eclipse.jdt.internal.junit.runner.RemoteTestRunner.run(RemoteTestRunner.java:390)
	at org.eclipse.pde.internal.junit.runtime.RemotePluginTestRunner.main(RemotePluginTestRunner.java:62)
	at org.eclipse.pde.internal.junit.runtime.UITestApplication$1.run(UITestApplication.java:116)
	at org.eclipse.swt.widgets.RunnableLock.run(RunnableLock.java:35)
	at org.eclipse.swt.widgets.Synchronizer.runAsyncMessages(Synchronizer.java:134)
	at org.eclipse.swt.widgets.Display.runAsyncMessages(Display.java:3515)
	at org.eclipse.swt.widgets.Display.readAndDispatch(Display.java:3164)
	at org.eclipse.ui.internal.Workbench.runEventLoop(Workbench.java:2640)
	at org.eclipse.ui.internal.Workbench.runUI(Workbench.java:2604)
	at org.eclipse.ui.internal.Workbench.access$4(Workbench.java:2438)
	at org.eclipse.ui.internal.Workbench$7.run(Workbench.java:671)
	at org.eclipse.core.databinding.observable.Realm.runWithDefault(Realm.java:332)
	at org.eclipse.ui.internal.Workbench.createAndRunWorkbench(Workbench.java:664)
	at org.eclipse.ui.PlatformUI.createAndRunWorkbench(PlatformUI.java:149)
	at org.eclipse.ui.internal.ide.application.IDEApplication.start(IDEApplication.java:115)
	at org.eclipse.pde.internal.junit.runtime.UITestApplication.start(UITestApplication.java:47)
	at org.eclipse.equinox.internal.app.EclipseAppHandle.run(EclipseAppHandle.java:196)
	at org.eclipse.core.runtime.internal.adaptor.EclipseAppLauncher.runApplication(EclipseAppLauncher.java:110)
	at org.eclipse.core.runtime.internal.adaptor.EclipseAppLauncher.start(EclipseAppLauncher.java:79)
	at org.eclipse.core.runtime.adaptor.EclipseStarter.run(EclipseStarter.java:369)
	at org.eclipse.core.runtime.adaptor.EclipseStarter.run(EclipseStarter.java:179)
	at sun.reflect.NativeMethodAccessorImpl.invoke0(Native Method)
	at sun.reflect.NativeMethodAccessorImpl.invoke(NativeMethodAccessorImpl.java:39)
	at sun.reflect.DelegatingMethodAccessorImpl.invoke(DelegatingMethodAccessorImpl.java:25)
	at java.lang.reflect.Method.invoke(Method.java:597)
	at org.eclipse.equinox.launcher.Main.invokeFramework(Main.java:619)
	at org.eclipse.equinox.launcher.Main.basicRun(Main.java:574)
	at org.eclipse.equinox.launcher.Main.run(Main.java:1407)
	at org.eclipse.equinox.launcher.Main.main(Main.java:1383)

</error>
    </testcase>
    <testcase name="testUnprotectedInstructionsThatMayAccessUnsafelySharedFields" classname="edu.illinois.keshmesh.detector.tests.vna00j.VNA00JTests.VNA00JTest11" time="1.679">
      <error>java.lang.NullPointerException
	at edu.illinois.keshmesh.detector.util.AnalysisUtils.getPosition(AnalysisUtils.java:188)
	at edu.illinois.keshmesh.detector.InstructionInfo.getPosition(InstructionInfo.java:44)
	at edu.illinois.keshmesh.detector.VNA00JBugDetector.createBugInstances(VNA00JBugDetector.java:481)
	at edu.illinois.keshmesh.detector.VNA00JBugDetector.performAnalysis(VNA00JBugDetector.java:94)
	at edu.illinois.keshmesh.detector.Main.initAndPerformAnalysis(Main.java:42)
	at edu.illinois.keshmesh.detector.tests.AbstractTestCase.findBugs(AbstractTestCase.java:216)
	at edu.illinois.keshmesh.detector.tests.AbstractTestCase.setupProjectAndAnalyze(AbstractTestCase.java:172)
	at edu.illinois.keshmesh.detector.tests.vna00j.VNA00JTests$VNA00JTest11.setup(VNA00JTests.java:165)
	at sun.reflect.NativeMethodAccessorImpl.invoke0(Native Method)
	at sun.reflect.NativeMethodAccessorImpl.invoke(NativeMethodAccessorImpl.java:39)
	at sun.reflect.DelegatingMethodAccessorImpl.invoke(DelegatingMethodAccessorImpl.java:25)
	at java.lang.reflect.Method.invoke(Method.java:597)
	at org.junit.runners.model.FrameworkMethod$1.runReflectiveCall(FrameworkMethod.java:44)
	at org.junit.internal.runners.model.ReflectiveCallable.run(ReflectiveCallable.java:15)
	at org.junit.runners.model.FrameworkMethod.invokeExplosively(FrameworkMethod.java:41)
	at org.junit.internal.runners.statements.RunBefores.evaluate(RunBefores.java:27)
	at org.junit.runners.BlockJUnit4ClassRunner.runChild(BlockJUnit4ClassRunner.java:76)
	at org.junit.runners.BlockJUnit4ClassRunner.runChild(BlockJUnit4ClassRunner.java:50)
	at org.junit.runners.ParentRunner$3.run(ParentRunner.java:193)
	at org.junit.runners.ParentRunner$1.schedule(ParentRunner.java:52)
	at org.junit.runners.ParentRunner.runChildren(ParentRunner.java:191)
	at org.junit.runners.ParentRunner.access$000(ParentRunner.java:42)
	at org.junit.runners.ParentRunner$2.evaluate(ParentRunner.java:184)
	at org.junit.runners.ParentRunner.run(ParentRunner.java:236)
	at org.eclipse.jdt.internal.junit4.runner.JUnit4TestReference.run(JUnit4TestReference.java:49)
	at org.eclipse.jdt.internal.junit.runner.TestExecution.run(TestExecution.java:38)
	at org.eclipse.jdt.internal.junit.runner.RemoteTestRunner.runTests(RemoteTestRunner.java:467)
	at org.eclipse.jdt.internal.junit.runner.RemoteTestRunner.runTests(RemoteTestRunner.java:683)
	at org.eclipse.jdt.internal.junit.runner.RemoteTestRunner.run(RemoteTestRunner.java:390)
	at org.eclipse.pde.internal.junit.runtime.RemotePluginTestRunner.main(RemotePluginTestRunner.java:62)
	at org.eclipse.pde.internal.junit.runtime.UITestApplication$1.run(UITestApplication.java:116)
	at org.eclipse.swt.widgets.RunnableLock.run(RunnableLock.java:35)
	at org.eclipse.swt.widgets.Synchronizer.runAsyncMessages(Synchronizer.java:134)
	at org.eclipse.swt.widgets.Display.runAsyncMessages(Display.java:3515)
	at org.eclipse.swt.widgets.Display.readAndDispatch(Display.java:3164)
	at org.eclipse.ui.internal.Workbench.runEventLoop(Workbench.java:2640)
	at org.eclipse.ui.internal.Workbench.runUI(Workbench.java:2604)
	at org.eclipse.ui.internal.Workbench.access$4(Workbench.java:2438)
	at org.eclipse.ui.internal.Workbench$7.run(Workbench.java:671)
	at org.eclipse.core.databinding.observable.Realm.runWithDefault(Realm.java:332)
	at org.eclipse.ui.internal.Workbench.createAndRunWorkbench(Workbench.java:664)
	at org.eclipse.ui.PlatformUI.createAndRunWorkbench(PlatformUI.java:149)
	at org.eclipse.ui.internal.ide.application.IDEApplication.start(IDEApplication.java:115)
	at org.eclipse.pde.internal.junit.runtime.UITestApplication.start(UITestApplication.java:47)
	at org.eclipse.equinox.internal.app.EclipseAppHandle.run(EclipseAppHandle.java:196)
	at org.eclipse.core.runtime.internal.adaptor.EclipseAppLauncher.runApplication(EclipseAppLauncher.java:110)
	at org.eclipse.core.runtime.internal.adaptor.EclipseAppLauncher.start(EclipseAppLauncher.java:79)
	at org.eclipse.core.runtime.adaptor.EclipseStarter.run(EclipseStarter.java:369)
	at org.eclipse.core.runtime.adaptor.EclipseStarter.run(EclipseStarter.java:179)
	at sun.reflect.NativeMethodAccessorImpl.invoke0(Native Method)
	at sun.reflect.NativeMethodAccessorImpl.invoke(NativeMethodAccessorImpl.java:39)
	at sun.reflect.DelegatingMethodAccessorImpl.invoke(DelegatingMethodAccessorImpl.java:25)
	at java.lang.reflect.Method.invoke(Method.java:597)
	at org.eclipse.equinox.launcher.Main.invokeFramework(Main.java:619)
	at org.eclipse.equinox.launcher.Main.basicRun(Main.java:574)
	at org.eclipse.equinox.launcher.Main.run(Main.java:1407)
	at org.eclipse.equinox.launcher.Main.main(Main.java:1383)

</error>
    </testcase>
    <testcase name="shouldFindAllBugInstances" classname="edu.illinois.keshmesh.detector.tests.vna00j.VNA00JTests.VNA00JTest11" time="2.308">
      <error>java.lang.NullPointerException
	at edu.illinois.keshmesh.detector.util.AnalysisUtils.getPosition(AnalysisUtils.java:188)
	at edu.illinois.keshmesh.detector.InstructionInfo.getPosition(InstructionInfo.java:44)
	at edu.illinois.keshmesh.detector.VNA00JBugDetector.createBugInstances(VNA00JBugDetector.java:481)
	at edu.illinois.keshmesh.detector.VNA00JBugDetector.performAnalysis(VNA00JBugDetector.java:94)
	at edu.illinois.keshmesh.detector.Main.initAndPerformAnalysis(Main.java:42)
	at edu.illinois.keshmesh.detector.tests.AbstractTestCase.findBugs(AbstractTestCase.java:216)
	at edu.illinois.keshmesh.detector.tests.AbstractTestCase.setupProjectAndAnalyze(AbstractTestCase.java:172)
	at edu.illinois.keshmesh.detector.tests.vna00j.VNA00JTests$VNA00JTest11.setup(VNA00JTests.java:165)
	at sun.reflect.NativeMethodAccessorImpl.invoke0(Native Method)
	at sun.reflect.NativeMethodAccessorImpl.invoke(NativeMethodAccessorImpl.java:39)
	at sun.reflect.DelegatingMethodAccessorImpl.invoke(DelegatingMethodAccessorImpl.java:25)
	at java.lang.reflect.Method.invoke(Method.java:597)
	at org.junit.runners.model.FrameworkMethod$1.runReflectiveCall(FrameworkMethod.java:44)
	at org.junit.internal.runners.model.ReflectiveCallable.run(ReflectiveCallable.java:15)
	at org.junit.runners.model.FrameworkMethod.invokeExplosively(FrameworkMethod.java:41)
	at org.junit.internal.runners.statements.RunBefores.evaluate(RunBefores.java:27)
	at org.junit.runners.BlockJUnit4ClassRunner.runChild(BlockJUnit4ClassRunner.java:76)
	at org.junit.runners.BlockJUnit4ClassRunner.runChild(BlockJUnit4ClassRunner.java:50)
	at org.junit.runners.ParentRunner$3.run(ParentRunner.java:193)
	at org.junit.runners.ParentRunner$1.schedule(ParentRunner.java:52)
	at org.junit.runners.ParentRunner.runChildren(ParentRunner.java:191)
	at org.junit.runners.ParentRunner.access$000(ParentRunner.java:42)
	at org.junit.runners.ParentRunner$2.evaluate(ParentRunner.java:184)
	at org.junit.runners.ParentRunner.run(ParentRunner.java:236)
	at org.eclipse.jdt.internal.junit4.runner.JUnit4TestReference.run(JUnit4TestReference.java:49)
	at org.eclipse.jdt.internal.junit.runner.TestExecution.run(TestExecution.java:38)
	at org.eclipse.jdt.internal.junit.runner.RemoteTestRunner.runTests(RemoteTestRunner.java:467)
	at org.eclipse.jdt.internal.junit.runner.RemoteTestRunner.runTests(RemoteTestRunner.java:683)
	at org.eclipse.jdt.internal.junit.runner.RemoteTestRunner.run(RemoteTestRunner.java:390)
	at org.eclipse.pde.internal.junit.runtime.RemotePluginTestRunner.main(RemotePluginTestRunner.java:62)
	at org.eclipse.pde.internal.junit.runtime.UITestApplication$1.run(UITestApplication.java:116)
	at org.eclipse.swt.widgets.RunnableLock.run(RunnableLock.java:35)
	at org.eclipse.swt.widgets.Synchronizer.runAsyncMessages(Synchronizer.java:134)
	at org.eclipse.swt.widgets.Display.runAsyncMessages(Display.java:3515)
	at org.eclipse.swt.widgets.Display.readAndDispatch(Display.java:3164)
	at org.eclipse.ui.internal.Workbench.runEventLoop(Workbench.java:2640)
	at org.eclipse.ui.internal.Workbench.runUI(Workbench.java:2604)
	at org.eclipse.ui.internal.Workbench.access$4(Workbench.java:2438)
	at org.eclipse.ui.internal.Workbench$7.run(Workbench.java:671)
	at org.eclipse.core.databinding.observable.Realm.runWithDefault(Realm.java:332)
	at org.eclipse.ui.internal.Workbench.createAndRunWorkbench(Workbench.java:664)
	at org.eclipse.ui.PlatformUI.createAndRunWorkbench(PlatformUI.java:149)
	at org.eclipse.ui.internal.ide.application.IDEApplication.start(IDEApplication.java:115)
	at org.eclipse.pde.internal.junit.runtime.UITestApplication.start(UITestApplication.java:47)
	at org.eclipse.equinox.internal.app.EclipseAppHandle.run(EclipseAppHandle.java:196)
	at org.eclipse.core.runtime.internal.adaptor.EclipseAppLauncher.runApplication(EclipseAppLauncher.java:110)
	at org.eclipse.core.runtime.internal.adaptor.EclipseAppLauncher.start(EclipseAppLauncher.java:79)
	at org.eclipse.core.runtime.adaptor.EclipseStarter.run(EclipseStarter.java:369)
	at org.eclipse.core.runtime.adaptor.EclipseStarter.run(EclipseStarter.java:179)
	at sun.reflect.NativeMethodAccessorImpl.invoke0(Native Method)
	at sun.reflect.NativeMethodAccessorImpl.invoke(NativeMethodAccessorImpl.java:39)
	at sun.reflect.DelegatingMethodAccessorImpl.invoke(DelegatingMethodAccessorImpl.java:25)
	at java.lang.reflect.Method.invoke(Method.java:597)
	at org.eclipse.equinox.launcher.Main.invokeFramework(Main.java:619)
	at org.eclipse.equinox.launcher.Main.basicRun(Main.java:574)
	at org.eclipse.equinox.launcher.Main.run(Main.java:1407)
	at org.eclipse.equinox.launcher.Main.main(Main.java:1383)

</error>
    </testcase>
    <testcase name="bugInstancesShouldExist" classname="edu.illinois.keshmesh.detector.tests.vna00j.VNA00JTests.VNA00JTest11" time="1.824">
      <error>java.lang.NullPointerException
	at edu.illinois.keshmesh.detector.util.AnalysisUtils.getPosition(AnalysisUtils.java:188)
	at edu.illinois.keshmesh.detector.InstructionInfo.getPosition(InstructionInfo.java:44)
	at edu.illinois.keshmesh.detector.VNA00JBugDetector.createBugInstances(VNA00JBugDetector.java:481)
	at edu.illinois.keshmesh.detector.VNA00JBugDetector.performAnalysis(VNA00JBugDetector.java:94)
	at edu.illinois.keshmesh.detector.Main.initAndPerformAnalysis(Main.java:42)
	at edu.illinois.keshmesh.detector.tests.AbstractTestCase.findBugs(AbstractTestCase.java:216)
	at edu.illinois.keshmesh.detector.tests.AbstractTestCase.setupProjectAndAnalyze(AbstractTestCase.java:172)
	at edu.illinois.keshmesh.detector.tests.vna00j.VNA00JTests$VNA00JTest11.setup(VNA00JTests.java:165)
	at sun.reflect.NativeMethodAccessorImpl.invoke0(Native Method)
	at sun.reflect.NativeMethodAccessorImpl.invoke(NativeMethodAccessorImpl.java:39)
	at sun.reflect.DelegatingMethodAccessorImpl.invoke(DelegatingMethodAccessorImpl.java:25)
	at java.lang.reflect.Method.invoke(Method.java:597)
	at org.junit.runners.model.FrameworkMethod$1.runReflectiveCall(FrameworkMethod.java:44)
	at org.junit.internal.runners.model.ReflectiveCallable.run(ReflectiveCallable.java:15)
	at org.junit.runners.model.FrameworkMethod.invokeExplosively(FrameworkMethod.java:41)
	at org.junit.internal.runners.statements.RunBefores.evaluate(RunBefores.java:27)
	at org.junit.runners.BlockJUnit4ClassRunner.runChild(BlockJUnit4ClassRunner.java:76)
	at org.junit.runners.BlockJUnit4ClassRunner.runChild(BlockJUnit4ClassRunner.java:50)
	at org.junit.runners.ParentRunner$3.run(ParentRunner.java:193)
	at org.junit.runners.ParentRunner$1.schedule(ParentRunner.java:52)
	at org.junit.runners.ParentRunner.runChildren(ParentRunner.java:191)
	at org.junit.runners.ParentRunner.access$000(ParentRunner.java:42)
	at org.junit.runners.ParentRunner$2.evaluate(ParentRunner.java:184)
	at org.junit.runners.ParentRunner.run(ParentRunner.java:236)
	at org.eclipse.jdt.internal.junit4.runner.JUnit4TestReference.run(JUnit4TestReference.java:49)
	at org.eclipse.jdt.internal.junit.runner.TestExecution.run(TestExecution.java:38)
	at org.eclipse.jdt.internal.junit.runner.RemoteTestRunner.runTests(RemoteTestRunner.java:467)
	at org.eclipse.jdt.internal.junit.runner.RemoteTestRunner.runTests(RemoteTestRunner.java:683)
	at org.eclipse.jdt.internal.junit.runner.RemoteTestRunner.run(RemoteTestRunner.java:390)
	at org.eclipse.pde.internal.junit.runtime.RemotePluginTestRunner.main(RemotePluginTestRunner.java:62)
	at org.eclipse.pde.internal.junit.runtime.UITestApplication$1.run(UITestApplication.java:116)
	at org.eclipse.swt.widgets.RunnableLock.run(RunnableLock.java:35)
	at org.eclipse.swt.widgets.Synchronizer.runAsyncMessages(Synchronizer.java:134)
	at org.eclipse.swt.widgets.Display.runAsyncMessages(Display.java:3515)
	at org.eclipse.swt.widgets.Display.readAndDispatch(Display.java:3164)
	at org.eclipse.ui.internal.Workbench.runEventLoop(Workbench.java:2640)
	at org.eclipse.ui.internal.Workbench.runUI(Workbench.java:2604)
	at org.eclipse.ui.internal.Workbench.access$4(Workbench.java:2438)
	at org.eclipse.ui.internal.Workbench$7.run(Workbench.java:671)
	at org.eclipse.core.databinding.observable.Realm.runWithDefault(Realm.java:332)
	at org.eclipse.ui.internal.Workbench.createAndRunWorkbench(Workbench.java:664)
	at org.eclipse.ui.PlatformUI.createAndRunWorkbench(PlatformUI.java:149)
	at org.eclipse.ui.internal.ide.application.IDEApplication.start(IDEApplication.java:115)
	at org.eclipse.pde.internal.junit.runtime.UITestApplication.start(UITestApplication.java:47)
	at org.eclipse.equinox.internal.app.EclipseAppHandle.run(EclipseAppHandle.java:196)
	at org.eclipse.core.runtime.internal.adaptor.EclipseAppLauncher.runApplication(EclipseAppLauncher.java:110)
	at org.eclipse.core.runtime.internal.adaptor.EclipseAppLauncher.start(EclipseAppLauncher.java:79)
	at org.eclipse.core.runtime.adaptor.EclipseStarter.run(EclipseStarter.java:369)
	at org.eclipse.core.runtime.adaptor.EclipseStarter.run(EclipseStarter.java:179)
	at sun.reflect.NativeMethodAccessorImpl.invoke0(Native Method)
	at sun.reflect.NativeMethodAccessorImpl.invoke(NativeMethodAccessorImpl.java:39)
	at sun.reflect.DelegatingMethodAccessorImpl.invoke(DelegatingMethodAccessorImpl.java:25)
	at java.lang.reflect.Method.invoke(Method.java:597)
	at org.eclipse.equinox.launcher.Main.invokeFramework(Main.java:619)
	at org.eclipse.equinox.launcher.Main.basicRun(Main.java:574)
	at org.eclipse.equinox.launcher.Main.run(Main.java:1407)
	at org.eclipse.equinox.launcher.Main.main(Main.java:1383)

</error>
    </testcase>
    <testcase name="tryFixExpectedBugInstances" classname="edu.illinois.keshmesh.detector.tests.vna00j.VNA00JTests.VNA00JTest11" time="1.838">
      <error>java.lang.NullPointerException
	at edu.illinois.keshmesh.detector.util.AnalysisUtils.getPosition(AnalysisUtils.java:188)
	at edu.illinois.keshmesh.detector.InstructionInfo.getPosition(InstructionInfo.java:44)
	at edu.illinois.keshmesh.detector.VNA00JBugDetector.createBugInstances(VNA00JBugDetector.java:481)
	at edu.illinois.keshmesh.detector.VNA00JBugDetector.performAnalysis(VNA00JBugDetector.java:94)
	at edu.illinois.keshmesh.detector.Main.initAndPerformAnalysis(Main.java:42)
	at edu.illinois.keshmesh.detector.tests.AbstractTestCase.findBugs(AbstractTestCase.java:216)
	at edu.illinois.keshmesh.detector.tests.AbstractTestCase.setupProjectAndAnalyze(AbstractTestCase.java:172)
	at edu.illinois.keshmesh.detector.tests.vna00j.VNA00JTests$VNA00JTest11.setup(VNA00JTests.java:165)
	at sun.reflect.NativeMethodAccessorImpl.invoke0(Native Method)
	at sun.reflect.NativeMethodAccessorImpl.invoke(NativeMethodAccessorImpl.java:39)
	at sun.reflect.DelegatingMethodAccessorImpl.invoke(DelegatingMethodAccessorImpl.java:25)
	at java.lang.reflect.Method.invoke(Method.java:597)
	at org.junit.runners.model.FrameworkMethod$1.runReflectiveCall(FrameworkMethod.java:44)
	at org.junit.internal.runners.model.ReflectiveCallable.run(ReflectiveCallable.java:15)
	at org.junit.runners.model.FrameworkMethod.invokeExplosively(FrameworkMethod.java:41)
	at org.junit.internal.runners.statements.RunBefores.evaluate(RunBefores.java:27)
	at org.junit.runners.BlockJUnit4ClassRunner.runChild(BlockJUnit4ClassRunner.java:76)
	at org.junit.runners.BlockJUnit4ClassRunner.runChild(BlockJUnit4ClassRunner.java:50)
	at org.junit.runners.ParentRunner$3.run(ParentRunner.java:193)
	at org.junit.runners.ParentRunner$1.schedule(ParentRunner.java:52)
	at org.junit.runners.ParentRunner.runChildren(ParentRunner.java:191)
	at org.junit.runners.ParentRunner.access$000(ParentRunner.java:42)
	at org.junit.runners.ParentRunner$2.evaluate(ParentRunner.java:184)
	at org.junit.runners.ParentRunner.run(ParentRunner.java:236)
	at org.eclipse.jdt.internal.junit4.runner.JUnit4TestReference.run(JUnit4TestReference.java:49)
	at org.eclipse.jdt.internal.junit.runner.TestExecution.run(TestExecution.java:38)
	at org.eclipse.jdt.internal.junit.runner.RemoteTestRunner.runTests(RemoteTestRunner.java:467)
	at org.eclipse.jdt.internal.junit.runner.RemoteTestRunner.runTests(RemoteTestRunner.java:683)
	at org.eclipse.jdt.internal.junit.runner.RemoteTestRunner.run(RemoteTestRunner.java:390)
	at org.eclipse.pde.internal.junit.runtime.RemotePluginTestRunner.main(RemotePluginTestRunner.java:62)
	at org.eclipse.pde.internal.junit.runtime.UITestApplication$1.run(UITestApplication.java:116)
	at org.eclipse.swt.widgets.RunnableLock.run(RunnableLock.java:35)
	at org.eclipse.swt.widgets.Synchronizer.runAsyncMessages(Synchronizer.java:134)
	at org.eclipse.swt.widgets.Display.runAsyncMessages(Display.java:3515)
	at org.eclipse.swt.widgets.Display.readAndDispatch(Display.java:3164)
	at org.eclipse.ui.internal.Workbench.runEventLoop(Workbench.java:2640)
	at org.eclipse.ui.internal.Workbench.runUI(Workbench.java:2604)
	at org.eclipse.ui.internal.Workbench.access$4(Workbench.java:2438)
	at org.eclipse.ui.internal.Workbench$7.run(Workbench.java:671)
	at org.eclipse.core.databinding.observable.Realm.runWithDefault(Realm.java:332)
	at org.eclipse.ui.internal.Workbench.createAndRunWorkbench(Workbench.java:664)
	at org.eclipse.ui.PlatformUI.createAndRunWorkbench(PlatformUI.java:149)
	at org.eclipse.ui.internal.ide.application.IDEApplication.start(IDEApplication.java:115)
	at org.eclipse.pde.internal.junit.runtime.UITestApplication.start(UITestApplication.java:47)
	at org.eclipse.equinox.internal.app.EclipseAppHandle.run(EclipseAppHandle.java:196)
	at org.eclipse.core.runtime.internal.adaptor.EclipseAppLauncher.runApplication(EclipseAppLauncher.java:110)
	at org.eclipse.core.runtime.internal.adaptor.EclipseAppLauncher.start(EclipseAppLauncher.java:79)
	at org.eclipse.core.runtime.adaptor.EclipseStarter.run(EclipseStarter.java:369)
	at org.eclipse.core.runtime.adaptor.EclipseStarter.run(EclipseStarter.java:179)
	at sun.reflect.NativeMethodAccessorImpl.invoke0(Native Method)
	at sun.reflect.NativeMethodAccessorImpl.invoke(NativeMethodAccessorImpl.java:39)
	at sun.reflect.DelegatingMethodAccessorImpl.invoke(DelegatingMethodAccessorImpl.java:25)
	at java.lang.reflect.Method.invoke(Method.java:597)
	at org.eclipse.equinox.launcher.Main.invokeFramework(Main.java:619)
	at org.eclipse.equinox.launcher.Main.basicRun(Main.java:574)
	at org.eclipse.equinox.launcher.Main.run(Main.java:1407)
	at org.eclipse.equinox.launcher.Main.main(Main.java:1383)

</error>
    </testcase>
  </testsuite>
  <testsuite name="edu.illinois.keshmesh.detector.tests.vna00j.VNA00JTests.VNA00JTest10" time="10.313">
    <testcase name="testThreadSafeClasses" classname="edu.illinois.keshmesh.detector.tests.vna00j.VNA00JTests.VNA00JTest10" time="2.165"/>
    <testcase name="testUnprotectedInstructionsThatMayAccessUnsafelySharedFields" classname="edu.illinois.keshmesh.detector.tests.vna00j.VNA00JTests.VNA00JTest10" time="1.849"/>
    <testcase name="shouldFindAllBugInstances" classname="edu.illinois.keshmesh.detector.tests.vna00j.VNA00JTests.VNA00JTest10" time="1.816"/>
    <testcase name="bugInstancesShouldExist" classname="edu.illinois.keshmesh.detector.tests.vna00j.VNA00JTests.VNA00JTest10" time="1.934"/>
    <testcase name="tryFixExpectedBugInstances" classname="edu.illinois.keshmesh.detector.tests.vna00j.VNA00JTests.VNA00JTest10" time="2.538"/>
  </testsuite>
  <testsuite name="edu.illinois.keshmesh.detector.tests.vna00j.VNA00JTests.VNA00JTest05" time="16.94">
    <testcase name="testThreadSafeClasses" classname="edu.illinois.keshmesh.detector.tests.vna00j.VNA00JTests.VNA00JTest05" time="2.191"/>
    <testcase name="testUnprotectedInstructionsThatMayAccessUnsafelySharedFields" classname="edu.illinois.keshmesh.detector.tests.vna00j.VNA00JTests.VNA00JTest05" time="2.716"/>
    <testcase name="shouldFindAllBugInstances" classname="edu.illinois.keshmesh.detector.tests.vna00j.VNA00JTests.VNA00JTest05" time="4.966"/>
    <testcase name="bugInstancesShouldExist" classname="edu.illinois.keshmesh.detector.tests.vna00j.VNA00JTests.VNA00JTest05" time="2.392"/>
    <testcase name="tryFixExpectedBugInstances" classname="edu.illinois.keshmesh.detector.tests.vna00j.VNA00JTests.VNA00JTest05" time="4.667"/>
  </testsuite>
  <testsuite name="edu.illinois.keshmesh.detector.tests.vna00j.VNA00JTests.VNA00JTest06" time="14.964">
    <testcase name="testThreadSafeClasses" classname="edu.illinois.keshmesh.detector.tests.vna00j.VNA00JTests.VNA00JTest06" time="2.94"/>
    <testcase name="testUnprotectedInstructionsThatMayAccessUnsafelySharedFields" classname="edu.illinois.keshmesh.detector.tests.vna00j.VNA00JTests.VNA00JTest06" time="2.439"/>
    <testcase name="shouldFindAllBugInstances" classname="edu.illinois.keshmesh.detector.tests.vna00j.VNA00JTests.VNA00JTest06" time="2.3"/>
    <testcase name="bugInstancesShouldExist" classname="edu.illinois.keshmesh.detector.tests.vna00j.VNA00JTests.VNA00JTest06" time="2.449"/>
    <testcase name="tryFixExpectedBugInstances" classname="edu.illinois.keshmesh.detector.tests.vna00j.VNA00JTests.VNA00JTest06" time="4.828"/>
  </testsuite>
</testrun>
