<?xml version="1.0" encoding="UTF-8"?>
<testrun name="edu.illinois.keshmesh.detector.tests.vna00j" project="edu.illinois.keshmesh.detector.tests" tests="55" started="55" failures="4" errors="0" ignored="0">
  <testsuite name="edu.illinois.keshmesh.detector.tests.vna00j.VNA00JTests.VNA00JTest07" time="14.828">
    <testcase name="testThreadSafeClasses" classname="edu.illinois.keshmesh.detector.tests.vna00j.VNA00JTests.VNA00JTest07" time="7.702"/>
    <testcase name="testUnprotectedInstructionsThatMayAccessUnsafelySharedFields" classname="edu.illinois.keshmesh.detector.tests.vna00j.VNA00JTests.VNA00JTest07" time="2.678"/>
    <testcase name="shouldFindAllBugInstances" classname="edu.illinois.keshmesh.detector.tests.vna00j.VNA00JTests.VNA00JTest07" time="0.952"/>
    <testcase name="bugInstancesShouldExist" classname="edu.illinois.keshmesh.detector.tests.vna00j.VNA00JTests.VNA00JTest07" time="1.027"/>
    <testcase name="tryFixExpectedBugInstances" classname="edu.illinois.keshmesh.detector.tests.vna00j.VNA00JTests.VNA00JTest07" time="2.458"/>
  </testsuite>
  <testsuite name="edu.illinois.keshmesh.detector.tests.vna00j.VNA00JTests.VNA00JTest08" time="5.392">
    <testcase name="testThreadSafeClasses" classname="edu.illinois.keshmesh.detector.tests.vna00j.VNA00JTests.VNA00JTest08" time="1.164"/>
    <testcase name="testUnprotectedInstructionsThatMayAccessUnsafelySharedFields" classname="edu.illinois.keshmesh.detector.tests.vna00j.VNA00JTests.VNA00JTest08" time="0.883"/>
    <testcase name="shouldFindAllBugInstances" classname="edu.illinois.keshmesh.detector.tests.vna00j.VNA00JTests.VNA00JTest08" time="0.905"/>
    <testcase name="bugInstancesShouldExist" classname="edu.illinois.keshmesh.detector.tests.vna00j.VNA00JTests.VNA00JTest08" time="1.497"/>
    <testcase name="tryFixExpectedBugInstances" classname="edu.illinois.keshmesh.detector.tests.vna00j.VNA00JTests.VNA00JTest08" time="0.936"/>
  </testsuite>
  <testsuite name="edu.illinois.keshmesh.detector.tests.vna00j.VNA00JTests.VNA00JTest04" time="15.62">
    <testcase name="testThreadSafeClasses" classname="edu.illinois.keshmesh.detector.tests.vna00j.VNA00JTests.VNA00JTest04" time="1.482"/>
    <testcase name="testUnprotectedInstructionsThatMayAccessUnsafelySharedFields" classname="edu.illinois.keshmesh.detector.tests.vna00j.VNA00JTests.VNA00JTest04" time="2.009"/>
    <testcase name="shouldFindAllBugInstances" classname="edu.illinois.keshmesh.detector.tests.vna00j.VNA00JTests.VNA00JTest04" time="1.308"/>
    <testcase name="bugInstancesShouldExist" classname="edu.illinois.keshmesh.detector.tests.vna00j.VNA00JTests.VNA00JTest04" time="1.402"/>
    <testcase name="tryFixExpectedBugInstances" classname="edu.illinois.keshmesh.detector.tests.vna00j.VNA00JTests.VNA00JTest04" time="9.408"/>
  </testsuite>
  <testsuite name="edu.illinois.keshmesh.detector.tests.vna00j.VNA00JTests.VNA00JTest03" time="8.529">
    <testcase name="testThreadSafeClasses" classname="edu.illinois.keshmesh.detector.tests.vna00j.VNA00JTests.VNA00JTest03" time="1.819"/>
    <testcase name="testUnprotectedInstructionsThatMayAccessUnsafelySharedFields" classname="edu.illinois.keshmesh.detector.tests.vna00j.VNA00JTests.VNA00JTest03" time="1.35"/>
    <testcase name="shouldFindAllBugInstances" classname="edu.illinois.keshmesh.detector.tests.vna00j.VNA00JTests.VNA00JTest03" time="1.405"/>
    <testcase name="bugInstancesShouldExist" classname="edu.illinois.keshmesh.detector.tests.vna00j.VNA00JTests.VNA00JTest03" time="1.3"/>
    <testcase name="tryFixExpectedBugInstances" classname="edu.illinois.keshmesh.detector.tests.vna00j.VNA00JTests.VNA00JTest03" time="2.647"/>
  </testsuite>
  <testsuite name="edu.illinois.keshmesh.detector.tests.vna00j.VNA00JTests.VNA00JTest09" time="14.491">
    <testcase name="testThreadSafeClasses" classname="edu.illinois.keshmesh.detector.tests.vna00j.VNA00JTests.VNA00JTest09" time="2.372"/>
    <testcase name="testUnprotectedInstructionsThatMayAccessUnsafelySharedFields" classname="edu.illinois.keshmesh.detector.tests.vna00j.VNA00JTests.VNA00JTest09" time="2.454"/>
    <testcase name="shouldFindAllBugInstances" classname="edu.illinois.keshmesh.detector.tests.vna00j.VNA00JTests.VNA00JTest09" time="1.826"/>
    <testcase name="bugInstancesShouldExist" classname="edu.illinois.keshmesh.detector.tests.vna00j.VNA00JTests.VNA00JTest09" time="1.691"/>
    <testcase name="tryFixExpectedBugInstances" classname="edu.illinois.keshmesh.detector.tests.vna00j.VNA00JTests.VNA00JTest09" time="6.135"/>
  </testsuite>
  <testsuite name="edu.illinois.keshmesh.detector.tests.vna00j.VNA00JTests.VNA00JTest02" time="10.082">
    <testcase name="testThreadSafeClasses" classname="edu.illinois.keshmesh.detector.tests.vna00j.VNA00JTests.VNA00JTest02" time="1.798"/>
    <testcase name="testUnprotectedInstructionsThatMayAccessUnsafelySharedFields" classname="edu.illinois.keshmesh.detector.tests.vna00j.VNA00JTests.VNA00JTest02" time="1.812"/>
    <testcase name="shouldFindAllBugInstances" classname="edu.illinois.keshmesh.detector.tests.vna00j.VNA00JTests.VNA00JTest02" time="2.139"/>
    <testcase name="bugInstancesShouldExist" classname="edu.illinois.keshmesh.detector.tests.vna00j.VNA00JTests.VNA00JTest02" time="2.451"/>
    <testcase name="tryFixExpectedBugInstances" classname="edu.illinois.keshmesh.detector.tests.vna00j.VNA00JTests.VNA00JTest02" time="1.873"/>
  </testsuite>
  <testsuite name="edu.illinois.keshmesh.detector.tests.vna00j.VNA00JTests.VNA00JTest01" time="14.256">
    <testcase name="testThreadSafeClasses" classname="edu.illinois.keshmesh.detector.tests.vna00j.VNA00JTests.VNA00JTest01" time="1.602"/>
    <testcase name="testUnprotectedInstructionsThatMayAccessUnsafelySharedFields" classname="edu.illinois.keshmesh.detector.tests.vna00j.VNA00JTests.VNA00JTest01" time="1.603"/>
    <testcase name="shouldFindAllBugInstances" classname="edu.illinois.keshmesh.detector.tests.vna00j.VNA00JTests.VNA00JTest01" time="1.698"/>
    <testcase name="bugInstancesShouldExist" classname="edu.illinois.keshmesh.detector.tests.vna00j.VNA00JTests.VNA00JTest01" time="1.634"/>
    <testcase name="tryFixExpectedBugInstances" classname="edu.illinois.keshmesh.detector.tests.vna00j.VNA00JTests.VNA00JTest01" time="7.71"/>
  </testsuite>
  <testsuite name="edu.illinois.keshmesh.detector.tests.vna00j.VNA00JTests.VNA00JTest11" time="11.599">
    <testcase name="testThreadSafeClasses" classname="edu.illinois.keshmesh.detector.tests.vna00j.VNA00JTests.VNA00JTest11" time="1.81">
      <failure>
        <expected>?</expected>
        <actual>[&lt;Application,Lp/A$1&gt;, &lt;Application,Lp/A$RunnableWrapper&gt;]</actual>org.junit.ComparisonFailure: expected:&lt;[?]&gt; but was:&lt;[[&lt;Application,Lp/A$1&gt;, &lt;Application,Lp/A$RunnableWrapper&gt;]]&gt;
	at org.junit.Assert.assertEquals(Assert.java:123)
	at org.junit.Assert.assertEquals(Assert.java:145)
	at edu.illinois.keshmesh.detector.tests.vna00j.VNA00JTest.testThreadSafeClasses(VNA00JTest.java:49)
	at sun.reflect.NativeMethodAccessorImpl.invoke0(Native Method)
	at sun.reflect.NativeMethodAccessorImpl.invoke(NativeMethodAccessorImpl.java:39)
	at sun.reflect.DelegatingMethodAccessorImpl.invoke(DelegatingMethodAccessorImpl.java:25)
	at java.lang.reflect.Method.invoke(Method.java:597)
	at org.junit.runners.model.FrameworkMethod$1.runReflectiveCall(FrameworkMethod.java:44)
	at org.junit.internal.runners.model.ReflectiveCallable.run(ReflectiveCallable.java:15)
	at org.junit.runners.model.FrameworkMethod.invokeExplosively(FrameworkMethod.java:41)
	at org.junit.internal.runners.statements.InvokeMethod.evaluate(InvokeMethod.java:20)
	at org.junit.internal.runners.statements.RunBefores.evaluate(RunBefores.java:28)
	at org.junit.runners.BlockJUnit4ClassRunner.runChild(BlockJUnit4ClassRunner.java:76)
	at org.junit.runners.BlockJUnit4ClassRunner.runChild(BlockJUnit4ClassRunner.java:50)
	at org.junit.runners.ParentRunner$3.run(ParentRunner.java:193)
	at org.junit.runners.ParentRunner$1.schedule(ParentRunner.java:52)
	at org.junit.runners.ParentRunner.runChildren(ParentRunner.java:191)
	at org.junit.runners.ParentRunner.access$000(ParentRunner.java:42)
	at org.junit.runners.ParentRunner$2.evaluate(ParentRunner.java:184)
	at org.junit.runners.ParentRunner.run(ParentRunner.java:236)
	at org.eclipse.jdt.internal.junit4.runner.JUnit4TestReference.run(JUnit4TestReference.java:49)
	at org.eclipse.jdt.internal.junit.runner.TestExecution.run(TestExecution.java:38)
	at org.eclipse.jdt.internal.junit.runner.RemoteTestRunner.runTests(RemoteTestRunner.java:467)
	at org.eclipse.jdt.internal.junit.runner.RemoteTestRunner.runTests(RemoteTestRunner.java:683)
	at org.eclipse.jdt.internal.junit.runner.RemoteTestRunner.run(RemoteTestRunner.java:390)
	at org.eclipse.pde.internal.junit.runtime.RemotePluginTestRunner.main(RemotePluginTestRunner.java:62)
	at org.eclipse.pde.internal.junit.runtime.UITestApplication$1.run(UITestApplication.java:116)
	at org.eclipse.swt.widgets.RunnableLock.run(RunnableLock.java:35)
	at org.eclipse.swt.widgets.Synchronizer.runAsyncMessages(Synchronizer.java:134)
	at org.eclipse.swt.widgets.Display.runAsyncMessages(Display.java:3515)
	at org.eclipse.swt.widgets.Display.readAndDispatch(Display.java:3164)
	at org.eclipse.ui.internal.Workbench.runEventLoop(Workbench.java:2640)
	at org.eclipse.ui.internal.Workbench.runUI(Workbench.java:2604)
	at org.eclipse.ui.internal.Workbench.access$4(Workbench.java:2438)
	at org.eclipse.ui.internal.Workbench$7.run(Workbench.java:671)
	at org.eclipse.core.databinding.observable.Realm.runWithDefault(Realm.java:332)
	at org.eclipse.ui.internal.Workbench.createAndRunWorkbench(Workbench.java:664)
	at org.eclipse.ui.PlatformUI.createAndRunWorkbench(PlatformUI.java:149)
	at org.eclipse.ui.internal.ide.application.IDEApplication.start(IDEApplication.java:115)
	at org.eclipse.pde.internal.junit.runtime.UITestApplication.start(UITestApplication.java:47)
	at org.eclipse.equinox.internal.app.EclipseAppHandle.run(EclipseAppHandle.java:196)
	at org.eclipse.core.runtime.internal.adaptor.EclipseAppLauncher.runApplication(EclipseAppLauncher.java:110)
	at org.eclipse.core.runtime.internal.adaptor.EclipseAppLauncher.start(EclipseAppLauncher.java:79)
	at org.eclipse.core.runtime.adaptor.EclipseStarter.run(EclipseStarter.java:369)
	at org.eclipse.core.runtime.adaptor.EclipseStarter.run(EclipseStarter.java:179)
	at sun.reflect.NativeMethodAccessorImpl.invoke0(Native Method)
	at sun.reflect.NativeMethodAccessorImpl.invoke(NativeMethodAccessorImpl.java:39)
	at sun.reflect.DelegatingMethodAccessorImpl.invoke(DelegatingMethodAccessorImpl.java:25)
	at java.lang.reflect.Method.invoke(Method.java:597)
	at org.eclipse.equinox.launcher.Main.invokeFramework(Main.java:619)
	at org.eclipse.equinox.launcher.Main.basicRun(Main.java:574)
	at org.eclipse.equinox.launcher.Main.run(Main.java:1407)
	at org.eclipse.equinox.launcher.Main.main(Main.java:1383)

</failure>
    </testcase>
    <testcase name="testUnprotectedInstructionsThatMayAccessUnsafelySharedFields" classname="edu.illinois.keshmesh.detector.tests.vna00j.VNA00JTests.VNA00JTest11" time="1.857"/>
    <testcase name="shouldFindAllBugInstances" classname="edu.illinois.keshmesh.detector.tests.vna00j.VNA00JTests.VNA00JTest11" time="2.298">
      <failure>java.lang.AssertionError: expected:&lt;1&gt; but was:&lt;0&gt;
	at org.junit.Assert.fail(Assert.java:91)
	at org.junit.Assert.failNotEquals(Assert.java:645)
	at org.junit.Assert.assertEquals(Assert.java:126)
	at org.junit.Assert.assertEquals(Assert.java:470)
	at org.junit.Assert.assertEquals(Assert.java:454)
	at edu.illinois.keshmesh.detector.tests.AbstractTestCase.shouldFindAllBugInstances(AbstractTestCase.java:102)
	at sun.reflect.NativeMethodAccessorImpl.invoke0(Native Method)
	at sun.reflect.NativeMethodAccessorImpl.invoke(NativeMethodAccessorImpl.java:39)
	at sun.reflect.DelegatingMethodAccessorImpl.invoke(DelegatingMethodAccessorImpl.java:25)
	at java.lang.reflect.Method.invoke(Method.java:597)
	at org.junit.runners.model.FrameworkMethod$1.runReflectiveCall(FrameworkMethod.java:44)
	at org.junit.internal.runners.model.ReflectiveCallable.run(ReflectiveCallable.java:15)
	at org.junit.runners.model.FrameworkMethod.invokeExplosively(FrameworkMethod.java:41)
	at org.junit.internal.runners.statements.InvokeMethod.evaluate(InvokeMethod.java:20)
	at org.junit.internal.runners.statements.RunBefores.evaluate(RunBefores.java:28)
	at org.junit.runners.BlockJUnit4ClassRunner.runChild(BlockJUnit4ClassRunner.java:76)
	at org.junit.runners.BlockJUnit4ClassRunner.runChild(BlockJUnit4ClassRunner.java:50)
	at org.junit.runners.ParentRunner$3.run(ParentRunner.java:193)
	at org.junit.runners.ParentRunner$1.schedule(ParentRunner.java:52)
	at org.junit.runners.ParentRunner.runChildren(ParentRunner.java:191)
	at org.junit.runners.ParentRunner.access$000(ParentRunner.java:42)
	at org.junit.runners.ParentRunner$2.evaluate(ParentRunner.java:184)
	at org.junit.runners.ParentRunner.run(ParentRunner.java:236)
	at org.eclipse.jdt.internal.junit4.runner.JUnit4TestReference.run(JUnit4TestReference.java:49)
	at org.eclipse.jdt.internal.junit.runner.TestExecution.run(TestExecution.java:38)
	at org.eclipse.jdt.internal.junit.runner.RemoteTestRunner.runTests(RemoteTestRunner.java:467)
	at org.eclipse.jdt.internal.junit.runner.RemoteTestRunner.runTests(RemoteTestRunner.java:683)
	at org.eclipse.jdt.internal.junit.runner.RemoteTestRunner.run(RemoteTestRunner.java:390)
	at org.eclipse.pde.internal.junit.runtime.RemotePluginTestRunner.main(RemotePluginTestRunner.java:62)
	at org.eclipse.pde.internal.junit.runtime.UITestApplication$1.run(UITestApplication.java:116)
	at org.eclipse.swt.widgets.RunnableLock.run(RunnableLock.java:35)
	at org.eclipse.swt.widgets.Synchronizer.runAsyncMessages(Synchronizer.java:134)
	at org.eclipse.swt.widgets.Display.runAsyncMessages(Display.java:3515)
	at org.eclipse.swt.widgets.Display.readAndDispatch(Display.java:3164)
	at org.eclipse.ui.internal.Workbench.runEventLoop(Workbench.java:2640)
	at org.eclipse.ui.internal.Workbench.runUI(Workbench.java:2604)
	at org.eclipse.ui.internal.Workbench.access$4(Workbench.java:2438)
	at org.eclipse.ui.internal.Workbench$7.run(Workbench.java:671)
	at org.eclipse.core.databinding.observable.Realm.runWithDefault(Realm.java:332)
	at org.eclipse.ui.internal.Workbench.createAndRunWorkbench(Workbench.java:664)
	at org.eclipse.ui.PlatformUI.createAndRunWorkbench(PlatformUI.java:149)
	at org.eclipse.ui.internal.ide.application.IDEApplication.start(IDEApplication.java:115)
	at org.eclipse.pde.internal.junit.runtime.UITestApplication.start(UITestApplication.java:47)
	at org.eclipse.equinox.internal.app.EclipseAppHandle.run(EclipseAppHandle.java:196)
	at org.eclipse.core.runtime.internal.adaptor.EclipseAppLauncher.runApplication(EclipseAppLauncher.java:110)
	at org.eclipse.core.runtime.internal.adaptor.EclipseAppLauncher.start(EclipseAppLauncher.java:79)
	at org.eclipse.core.runtime.adaptor.EclipseStarter.run(EclipseStarter.java:369)
	at org.eclipse.core.runtime.adaptor.EclipseStarter.run(EclipseStarter.java:179)
	at sun.reflect.NativeMethodAccessorImpl.invoke0(Native Method)
	at sun.reflect.NativeMethodAccessorImpl.invoke(NativeMethodAccessorImpl.java:39)
	at sun.reflect.DelegatingMethodAccessorImpl.invoke(DelegatingMethodAccessorImpl.java:25)
	at java.lang.reflect.Method.invoke(Method.java:597)
	at org.eclipse.equinox.launcher.Main.invokeFramework(Main.java:619)
	at org.eclipse.equinox.launcher.Main.basicRun(Main.java:574)
	at org.eclipse.equinox.launcher.Main.run(Main.java:1407)
	at org.eclipse.equinox.launcher.Main.main(Main.java:1383)

</failure>
    </testcase>
    <testcase name="bugInstancesShouldExist" classname="edu.illinois.keshmesh.detector.tests.vna00j.VNA00JTests.VNA00JTest11" time="1.863">
      <failure>java.lang.AssertionError: 
Expected: a collection containing &lt;VNA00J. Ensure visibility when accessing shared primitive variables @ /home/cs/mvakili2/eclipse-workspaces/keshmesh-workspaces/junit-workspace/TestProjectVNA00J-11-1320782615923/src/p/A.java / null @ [45--45(0, 0)] : VNA00JFixInformation&gt;
     got: &lt;[]&gt;

	at org.junit.Assert.assertThat(Assert.java:778)
	at org.junit.Assert.assertThat(Assert.java:736)
	at edu.illinois.keshmesh.detector.tests.AbstractTestCase.bugInstanceShouldExist(AbstractTestCase.java:153)
	at edu.illinois.keshmesh.detector.tests.AbstractTestCase.bugInstancesShouldExist(AbstractTestCase.java:108)
	at sun.reflect.NativeMethodAccessorImpl.invoke0(Native Method)
	at sun.reflect.NativeMethodAccessorImpl.invoke(NativeMethodAccessorImpl.java:39)
	at sun.reflect.DelegatingMethodAccessorImpl.invoke(DelegatingMethodAccessorImpl.java:25)
	at java.lang.reflect.Method.invoke(Method.java:597)
	at org.junit.runners.model.FrameworkMethod$1.runReflectiveCall(FrameworkMethod.java:44)
	at org.junit.internal.runners.model.ReflectiveCallable.run(ReflectiveCallable.java:15)
	at org.junit.runners.model.FrameworkMethod.invokeExplosively(FrameworkMethod.java:41)
	at org.junit.internal.runners.statements.InvokeMethod.evaluate(InvokeMethod.java:20)
	at org.junit.internal.runners.statements.RunBefores.evaluate(RunBefores.java:28)
	at org.junit.runners.BlockJUnit4ClassRunner.runChild(BlockJUnit4ClassRunner.java:76)
	at org.junit.runners.BlockJUnit4ClassRunner.runChild(BlockJUnit4ClassRunner.java:50)
	at org.junit.runners.ParentRunner$3.run(ParentRunner.java:193)
	at org.junit.runners.ParentRunner$1.schedule(ParentRunner.java:52)
	at org.junit.runners.ParentRunner.runChildren(ParentRunner.java:191)
	at org.junit.runners.ParentRunner.access$000(ParentRunner.java:42)
	at org.junit.runners.ParentRunner$2.evaluate(ParentRunner.java:184)
	at org.junit.runners.ParentRunner.run(ParentRunner.java:236)
	at org.eclipse.jdt.internal.junit4.runner.JUnit4TestReference.run(JUnit4TestReference.java:49)
	at org.eclipse.jdt.internal.junit.runner.TestExecution.run(TestExecution.java:38)
	at org.eclipse.jdt.internal.junit.runner.RemoteTestRunner.runTests(RemoteTestRunner.java:467)
	at org.eclipse.jdt.internal.junit.runner.RemoteTestRunner.runTests(RemoteTestRunner.java:683)
	at org.eclipse.jdt.internal.junit.runner.RemoteTestRunner.run(RemoteTestRunner.java:390)
	at org.eclipse.pde.internal.junit.runtime.RemotePluginTestRunner.main(RemotePluginTestRunner.java:62)
	at org.eclipse.pde.internal.junit.runtime.UITestApplication$1.run(UITestApplication.java:116)
	at org.eclipse.swt.widgets.RunnableLock.run(RunnableLock.java:35)
	at org.eclipse.swt.widgets.Synchronizer.runAsyncMessages(Synchronizer.java:134)
	at org.eclipse.swt.widgets.Display.runAsyncMessages(Display.java:3515)
	at org.eclipse.swt.widgets.Display.readAndDispatch(Display.java:3164)
	at org.eclipse.ui.internal.Workbench.runEventLoop(Workbench.java:2640)
	at org.eclipse.ui.internal.Workbench.runUI(Workbench.java:2604)
	at org.eclipse.ui.internal.Workbench.access$4(Workbench.java:2438)
	at org.eclipse.ui.internal.Workbench$7.run(Workbench.java:671)
	at org.eclipse.core.databinding.observable.Realm.runWithDefault(Realm.java:332)
	at org.eclipse.ui.internal.Workbench.createAndRunWorkbench(Workbench.java:664)
	at org.eclipse.ui.PlatformUI.createAndRunWorkbench(PlatformUI.java:149)
	at org.eclipse.ui.internal.ide.application.IDEApplication.start(IDEApplication.java:115)
	at org.eclipse.pde.internal.junit.runtime.UITestApplication.start(UITestApplication.java:47)
	at org.eclipse.equinox.internal.app.EclipseAppHandle.run(EclipseAppHandle.java:196)
	at org.eclipse.core.runtime.internal.adaptor.EclipseAppLauncher.runApplication(EclipseAppLauncher.java:110)
	at org.eclipse.core.runtime.internal.adaptor.EclipseAppLauncher.start(EclipseAppLauncher.java:79)
	at org.eclipse.core.runtime.adaptor.EclipseStarter.run(EclipseStarter.java:369)
	at org.eclipse.core.runtime.adaptor.EclipseStarter.run(EclipseStarter.java:179)
	at sun.reflect.NativeMethodAccessorImpl.invoke0(Native Method)
	at sun.reflect.NativeMethodAccessorImpl.invoke(NativeMethodAccessorImpl.java:39)
	at sun.reflect.DelegatingMethodAccessorImpl.invoke(DelegatingMethodAccessorImpl.java:25)
	at java.lang.reflect.Method.invoke(Method.java:597)
	at org.eclipse.equinox.launcher.Main.invokeFramework(Main.java:619)
	at org.eclipse.equinox.launcher.Main.basicRun(Main.java:574)
	at org.eclipse.equinox.launcher.Main.run(Main.java:1407)
	at org.eclipse.equinox.launcher.Main.main(Main.java:1383)

</failure>
    </testcase>
    <testcase name="tryFixExpectedBugInstances" classname="edu.illinois.keshmesh.detector.tests.vna00j.VNA00JTests.VNA00JTest11" time="3.764">
      <failure>java.lang.AssertionError: Could not find bug instance.
	at org.junit.Assert.fail(Assert.java:91)
	at org.junit.Assert.assertTrue(Assert.java:43)
	at org.junit.Assert.assertNotNull(Assert.java:524)
	at edu.illinois.keshmesh.detector.tests.AbstractTestCase.tryFix(AbstractTestCase.java:224)
	at edu.illinois.keshmesh.detector.tests.AbstractTestCase.tryFix(AbstractTestCase.java:241)
	at edu.illinois.keshmesh.detector.tests.AbstractTestCase.tryFixExpectedBugInstances(AbstractTestCase.java:263)
	at sun.reflect.NativeMethodAccessorImpl.invoke0(Native Method)
	at sun.reflect.NativeMethodAccessorImpl.invoke(NativeMethodAccessorImpl.java:39)
	at sun.reflect.DelegatingMethodAccessorImpl.invoke(DelegatingMethodAccessorImpl.java:25)
	at java.lang.reflect.Method.invoke(Method.java:597)
	at org.junit.runners.model.FrameworkMethod$1.runReflectiveCall(FrameworkMethod.java:44)
	at org.junit.internal.runners.model.ReflectiveCallable.run(ReflectiveCallable.java:15)
	at org.junit.runners.model.FrameworkMethod.invokeExplosively(FrameworkMethod.java:41)
	at org.junit.internal.runners.statements.InvokeMethod.evaluate(InvokeMethod.java:20)
	at org.junit.internal.runners.statements.RunBefores.evaluate(RunBefores.java:28)
	at org.junit.runners.BlockJUnit4ClassRunner.runChild(BlockJUnit4ClassRunner.java:76)
	at org.junit.runners.BlockJUnit4ClassRunner.runChild(BlockJUnit4ClassRunner.java:50)
	at org.junit.runners.ParentRunner$3.run(ParentRunner.java:193)
	at org.junit.runners.ParentRunner$1.schedule(ParentRunner.java:52)
	at org.junit.runners.ParentRunner.runChildren(ParentRunner.java:191)
	at org.junit.runners.ParentRunner.access$000(ParentRunner.java:42)
	at org.junit.runners.ParentRunner$2.evaluate(ParentRunner.java:184)
	at org.junit.runners.ParentRunner.run(ParentRunner.java:236)
	at org.eclipse.jdt.internal.junit4.runner.JUnit4TestReference.run(JUnit4TestReference.java:49)
	at org.eclipse.jdt.internal.junit.runner.TestExecution.run(TestExecution.java:38)
	at org.eclipse.jdt.internal.junit.runner.RemoteTestRunner.runTests(RemoteTestRunner.java:467)
	at org.eclipse.jdt.internal.junit.runner.RemoteTestRunner.runTests(RemoteTestRunner.java:683)
	at org.eclipse.jdt.internal.junit.runner.RemoteTestRunner.run(RemoteTestRunner.java:390)
	at org.eclipse.pde.internal.junit.runtime.RemotePluginTestRunner.main(RemotePluginTestRunner.java:62)
	at org.eclipse.pde.internal.junit.runtime.UITestApplication$1.run(UITestApplication.java:116)
	at org.eclipse.swt.widgets.RunnableLock.run(RunnableLock.java:35)
	at org.eclipse.swt.widgets.Synchronizer.runAsyncMessages(Synchronizer.java:134)
	at org.eclipse.swt.widgets.Display.runAsyncMessages(Display.java:3515)
	at org.eclipse.swt.widgets.Display.readAndDispatch(Display.java:3164)
	at org.eclipse.ui.internal.Workbench.runEventLoop(Workbench.java:2640)
	at org.eclipse.ui.internal.Workbench.runUI(Workbench.java:2604)
	at org.eclipse.ui.internal.Workbench.access$4(Workbench.java:2438)
	at org.eclipse.ui.internal.Workbench$7.run(Workbench.java:671)
	at org.eclipse.core.databinding.observable.Realm.runWithDefault(Realm.java:332)
	at org.eclipse.ui.internal.Workbench.createAndRunWorkbench(Workbench.java:664)
	at org.eclipse.ui.PlatformUI.createAndRunWorkbench(PlatformUI.java:149)
	at org.eclipse.ui.internal.ide.application.IDEApplication.start(IDEApplication.java:115)
	at org.eclipse.pde.internal.junit.runtime.UITestApplication.start(UITestApplication.java:47)
	at org.eclipse.equinox.internal.app.EclipseAppHandle.run(EclipseAppHandle.java:196)
	at org.eclipse.core.runtime.internal.adaptor.EclipseAppLauncher.runApplication(EclipseAppLauncher.java:110)
	at org.eclipse.core.runtime.internal.adaptor.EclipseAppLauncher.start(EclipseAppLauncher.java:79)
	at org.eclipse.core.runtime.adaptor.EclipseStarter.run(EclipseStarter.java:369)
	at org.eclipse.core.runtime.adaptor.EclipseStarter.run(EclipseStarter.java:179)
	at sun.reflect.NativeMethodAccessorImpl.invoke0(Native Method)
	at sun.reflect.NativeMethodAccessorImpl.invoke(NativeMethodAccessorImpl.java:39)
	at sun.reflect.DelegatingMethodAccessorImpl.invoke(DelegatingMethodAccessorImpl.java:25)
	at java.lang.reflect.Method.invoke(Method.java:597)
	at org.eclipse.equinox.launcher.Main.invokeFramework(Main.java:619)
	at org.eclipse.equinox.launcher.Main.basicRun(Main.java:574)
	at org.eclipse.equinox.launcher.Main.run(Main.java:1407)
	at org.eclipse.equinox.launcher.Main.main(Main.java:1383)

</failure>
    </testcase>
  </testsuite>
  <testsuite name="edu.illinois.keshmesh.detector.tests.vna00j.VNA00JTests.VNA00JTest10" time="10.507">
    <testcase name="testThreadSafeClasses" classname="edu.illinois.keshmesh.detector.tests.vna00j.VNA00JTests.VNA00JTest10" time="1.863"/>
    <testcase name="testUnprotectedInstructionsThatMayAccessUnsafelySharedFields" classname="edu.illinois.keshmesh.detector.tests.vna00j.VNA00JTests.VNA00JTest10" time="1.992"/>
    <testcase name="shouldFindAllBugInstances" classname="edu.illinois.keshmesh.detector.tests.vna00j.VNA00JTests.VNA00JTest10" time="2.007"/>
    <testcase name="bugInstancesShouldExist" classname="edu.illinois.keshmesh.detector.tests.vna00j.VNA00JTests.VNA00JTest10" time="2.665"/>
    <testcase name="tryFixExpectedBugInstances" classname="edu.illinois.keshmesh.detector.tests.vna00j.VNA00JTests.VNA00JTest10" time="1.971"/>
  </testsuite>
  <testsuite name="edu.illinois.keshmesh.detector.tests.vna00j.VNA00JTests.VNA00JTest05" time="14.64">
    <testcase name="testThreadSafeClasses" classname="edu.illinois.keshmesh.detector.tests.vna00j.VNA00JTests.VNA00JTest05" time="2.286"/>
    <testcase name="testUnprotectedInstructionsThatMayAccessUnsafelySharedFields" classname="edu.illinois.keshmesh.detector.tests.vna00j.VNA00JTests.VNA00JTest05" time="2.584"/>
    <testcase name="shouldFindAllBugInstances" classname="edu.illinois.keshmesh.detector.tests.vna00j.VNA00JTests.VNA00JTest05" time="2.647"/>
    <testcase name="bugInstancesShouldExist" classname="edu.illinois.keshmesh.detector.tests.vna00j.VNA00JTests.VNA00JTest05" time="2.345"/>
    <testcase name="tryFixExpectedBugInstances" classname="edu.illinois.keshmesh.detector.tests.vna00j.VNA00JTests.VNA00JTest05" time="4.769"/>
  </testsuite>
  <testsuite name="edu.illinois.keshmesh.detector.tests.vna00j.VNA00JTests.VNA00JTest06" time="18.107">
    <testcase name="testThreadSafeClasses" classname="edu.illinois.keshmesh.detector.tests.vna00j.VNA00JTests.VNA00JTest06" time="3.023"/>
    <testcase name="testUnprotectedInstructionsThatMayAccessUnsafelySharedFields" classname="edu.illinois.keshmesh.detector.tests.vna00j.VNA00JTests.VNA00JTest06" time="2.807"/>
    <testcase name="shouldFindAllBugInstances" classname="edu.illinois.keshmesh.detector.tests.vna00j.VNA00JTests.VNA00JTest06" time="2.767"/>
    <testcase name="bugInstancesShouldExist" classname="edu.illinois.keshmesh.detector.tests.vna00j.VNA00JTests.VNA00JTest06" time="4.318"/>
    <testcase name="tryFixExpectedBugInstances" classname="edu.illinois.keshmesh.detector.tests.vna00j.VNA00JTests.VNA00JTest06" time="5.174"/>
  </testsuite>
</testrun>
